TN:
SF:babel.config.js
FNF:0
FNH:0
DA:1,0
LF:1
LH:0
BRF:0
BRH:0
end_of_record
TN:
SF:wallaby.conf.js
FN:1,(anonymous_0)
FNF:1
FNH:0
FNDA:0,(anonymous_0)
DA:1,0
DA:2,0
LF:2
LH:0
BRF:0
BRH:0
end_of_record
TN:
SF:__scaffoldedPackage__/wallaby.conf.js
FN:1,(anonymous_0)
FNF:1
FNH:0
FNDA:0,(anonymous_0)
DA:1,0
DA:2,0
LF:2
LH:0
BRF:0
BRH:0
end_of_record
TN:
SF:__scaffoldedPackage__/build/greeter.js
FN:8,(anonymous_0)
FNF:1
FNH:0
FNDA:0,(anonymous_0)
DA:3,0
DA:6,0
DA:8,0
DA:10,0
LF:4
LH:0
BRF:0
BRH:0
end_of_record
TN:
SF:__scaffoldedPackage__/build/index.js
FN:8,(anonymous_0)
FN:14,(anonymous_1)
FNF:2
FNH:0
FNDA:0,(anonymous_0)
FNDA:0,(anonymous_1)
DA:3,0
DA:6,0
DA:9,0
DA:12,0
DA:15,0
DA:19,0
DA:21,0
LF:7
LH:0
BRF:0
BRH:0
end_of_record
TN:
SF:__scaffoldedPackage__/build/resolvers/index.js
FN:12,(anonymous_0)
FNF:1
FNH:0
FNDA:0,(anonymous_0)
DA:3,0
DA:6,0
DA:8,0
DA:10,0
DA:15,0
DA:20,0
LF:6
LH:0
BRF:0
BRH:0
end_of_record
TN:
SF:__scaffoldedPackage__/build/typeDefs/index.js
FN:12,_getRequireWildcardCache
FN:12,(anonymous_1)
FN:14,_interopRequireWildcard
FNF:3
FNH:0
FNDA:0,_getRequireWildcardCache
FNDA:0,(anonymous_1)
FNDA:0,_interopRequireWildcard
DA:3,0
DA:6,0
DA:8,0
DA:10,0
DA:12,0
DA:14,0
DA:16,0
DA:17,0
DA:18,0
LF:9
LH:0
BRDA:12,0,0,0
BRDA:12,0,1,0
BRDA:14,1,0,0
BRDA:14,1,1,0
BRDA:14,2,0,0
BRDA:14,2,1,0
BRDA:14,3,0,0
BRDA:14,3,1,0
BRDA:14,4,0,0
BRDA:14,4,1,0
BRDA:14,4,2,0
BRDA:14,5,0,0
BRDA:14,5,1,0
BRDA:14,6,0,0
BRDA:14,6,1,0
BRDA:14,7,0,0
BRDA:14,7,1,0
BRDA:14,8,0,0
BRDA:14,8,1,0
BRDA:14,9,0,0
BRDA:14,9,1,0
BRDA:14,10,0,0
BRDA:14,10,1,0
BRDA:14,11,0,0
BRDA:14,11,1,0
BRDA:14,11,2,0
BRDA:14,12,0,0
BRDA:14,12,1,0
BRF:28
BRH:0
end_of_record
TN:
SF:__scaffoldedPackage__/src/greeter.js
FN:1,(anonymous_0)
FNF:1
FNH:0
FNDA:0,(anonymous_0)
DA:1,0
LF:1
LH:0
BRF:0
BRH:0
end_of_record
TN:
SF:__scaffoldedPackage__/src/index.js
FNF:0
FNH:0
LF:0
LH:0
BRF:0
BRH:0
end_of_record
TN:
SF:__scaffoldedPackage__/src/resolvers/index.js
FN:5,(anonymous_0)
FNF:1
FNH:0
FNDA:0,(anonymous_0)
DA:3,0
DA:6,0
LF:2
LH:0
BRF:0
BRH:0
end_of_record
TN:
SF:__scaffoldedPackage__/src/typeDefs/index.js
FNF:0
FNH:0
DA:4,0
DA:6,0
LF:2
LH:0
BRF:0
BRH:0
end_of_record
TN:
SF:coverage/lcov-report/block-navigation.js
FN:2,init
FN:24,toggleClass
FN:31,makeCurrent
FN:41,goToPrevious
FN:52,goToNext
FN:65,jump
FNF:6
FNH:0
FNDA:0,init
FNDA:0,toggleClass
FNDA:0,makeCurrent
FNDA:0,goToPrevious
FNDA:0,goToNext
FNDA:0,jump
DA:2,0
DA:4,0
DA:7,0
DA:10,0
DA:14,0
DA:20,0
DA:25,0
DA:28,0
DA:32,0
DA:33,0
DA:34,0
DA:42,0
DA:43,0
DA:44,0
DA:45,0
DA:46,0
DA:49,0
DA:53,0
DA:55,0
DA:59,0
DA:62,0
DA:65,0
DA:66,0
DA:69,0
DA:70,0
DA:74,0
DA:75,0
DA:79,0
LF:28
LH:0
BRDA:43,0,0,0
BRDA:43,0,1,0
BRDA:43,1,0,0
BRDA:43,1,1,0
BRDA:45,2,0,0
BRDA:45,2,1,0
BRDA:55,3,0,0
BRDA:55,3,1,0
BRDA:56,4,0,0
BRDA:56,4,1,0
BRDA:66,5,0,0
BRDA:66,5,1,0
BRDA:66,5,2,0
BRDA:66,5,3,0
BRDA:66,5,4,0
BRF:15
BRH:0
end_of_record
TN:
SF:coverage/lcov-report/prettify.js
FN:2,(anonymous_0)
FN:2,k
FN:2,ab
FN:2,T
FN:2,X
FN:2,(anonymous_5)
FN:2,W
FN:2,(anonymous_7)
FN:2,a
FN:2,aa
FN:2,B
FN:2,o
FN:2,g
FN:2,(anonymous_13)
FN:2,(anonymous_14)
FN:2,i
FN:2,Q
FN:2,ae
FN:2,ad
FN:2,ai
FN:2,D
FN:2,c
FN:2,q
FN:2,d
FN:2,y
FN:2,b
FN:2,Y
FN:2,(anonymous_27)
FN:2,U
FNF:29
FNH:0
FNDA:0,(anonymous_0)
FNDA:0,k
FNDA:0,ab
FNDA:0,T
FNDA:0,X
FNDA:0,(anonymous_5)
FNDA:0,W
FNDA:0,(anonymous_7)
FNDA:0,a
FNDA:0,aa
FNDA:0,B
FNDA:0,o
FNDA:0,g
FNDA:0,(anonymous_13)
FNDA:0,(anonymous_14)
FNDA:0,i
FNDA:0,Q
FNDA:0,ae
FNDA:0,ad
FNDA:0,ai
FNDA:0,D
FNDA:0,c
FNDA:0,q
FNDA:0,d
FNDA:0,y
FNDA:0,b
FNDA:0,Y
FNDA:0,(anonymous_27)
FNDA:0,U
DA:2,0
LF:1
LH:0
BRDA:2,0,0,0
BRDA:2,0,1,0
BRDA:2,1,0,0
BRDA:2,1,1,0
BRDA:2,2,0,0
BRDA:2,2,1,0
BRDA:2,3,0,0
BRDA:2,3,1,0
BRDA:2,4,0,0
BRDA:2,4,1,0
BRDA:2,5,0,0
BRDA:2,5,1,0
BRDA:2,6,0,0
BRDA:2,6,1,0
BRDA:2,7,0,0
BRDA:2,7,1,0
BRDA:2,8,0,0
BRDA:2,8,1,0
BRDA:2,9,0,0
BRDA:2,9,1,0
BRDA:2,10,0,0
BRDA:2,10,1,0
BRDA:2,11,0,0
BRDA:2,11,1,0
BRDA:2,11,2,0
BRDA:2,11,3,0
BRDA:2,12,0,0
BRDA:2,12,1,0
BRDA:2,13,0,0
BRDA:2,13,1,0
BRDA:2,14,0,0
BRDA:2,14,1,0
BRDA:2,15,0,0
BRDA:2,15,1,0
BRDA:2,16,0,0
BRDA:2,16,1,0
BRDA:2,17,0,0
BRDA:2,17,1,0
BRDA:2,18,0,0
BRDA:2,18,1,0
BRDA:2,19,0,0
BRDA:2,19,1,0
BRDA:2,20,0,0
BRDA:2,20,1,0
BRDA:2,21,0,0
BRDA:2,21,1,0
BRDA:2,22,0,0
BRDA:2,22,1,0
BRDA:2,23,0,0
BRDA:2,23,1,0
BRDA:2,24,0,0
BRDA:2,24,1,0
BRDA:2,25,0,0
BRDA:2,25,1,0
BRDA:2,26,0,0
BRDA:2,26,1,0
BRDA:2,27,0,0
BRDA:2,27,1,0
BRDA:2,28,0,0
BRDA:2,28,1,0
BRDA:2,29,0,0
BRDA:2,29,1,0
BRDA:2,30,0,0
BRDA:2,30,1,0
BRDA:2,31,0,0
BRDA:2,31,1,0
BRDA:2,32,0,0
BRDA:2,32,1,0
BRDA:2,33,0,0
BRDA:2,33,1,0
BRDA:2,34,0,0
BRDA:2,34,1,0
BRDA:2,35,0,0
BRDA:2,35,1,0
BRDA:2,36,0,0
BRDA:2,36,1,0
BRDA:2,37,0,0
BRDA:2,37,1,0
BRDA:2,38,0,0
BRDA:2,38,1,0
BRDA:2,39,0,0
BRDA:2,39,1,0
BRDA:2,40,0,0
BRDA:2,40,1,0
BRDA:2,41,0,0
BRDA:2,41,1,0
BRDA:2,42,0,0
BRDA:2,42,1,0
BRDA:2,43,0,0
BRDA:2,43,1,0
BRDA:2,44,0,0
BRDA:2,44,1,0
BRDA:2,45,0,0
BRDA:2,45,1,0
BRDA:2,46,0,0
BRDA:2,46,1,0
BRDA:2,47,0,0
BRDA:2,47,1,0
BRDA:2,48,0,0
BRDA:2,48,1,0
BRDA:2,49,0,0
BRDA:2,49,1,0
BRDA:2,50,0,0
BRDA:2,50,1,0
BRDA:2,50,2,0
BRDA:2,51,0,0
BRDA:2,51,1,0
BRDA:2,52,0,0
BRDA:2,52,1,0
BRDA:2,53,0,0
BRDA:2,53,1,0
BRDA:2,54,0,0
BRDA:2,54,1,0
BRDA:2,55,0,0
BRDA:2,55,1,0
BRDA:2,56,0,0
BRDA:2,56,1,0
BRDA:2,57,0,0
BRDA:2,57,1,0
BRDA:2,58,0,0
BRDA:2,58,1,0
BRDA:2,59,0,0
BRDA:2,59,1,0
BRDA:2,60,0,0
BRDA:2,60,1,0
BRDA:2,61,0,0
BRDA:2,61,1,0
BRDA:2,62,0,0
BRDA:2,62,1,0
BRDA:2,63,0,0
BRDA:2,63,1,0
BRDA:2,64,0,0
BRDA:2,64,1,0
BRDA:2,65,0,0
BRDA:2,65,1,0
BRDA:2,66,0,0
BRDA:2,66,1,0
BRDA:2,67,0,0
BRDA:2,67,1,0
BRDA:2,68,0,0
BRDA:2,68,1,0
BRDA:2,69,0,0
BRDA:2,69,1,0
BRDA:2,70,0,0
BRDA:2,70,1,0
BRDA:2,71,0,0
BRDA:2,71,1,0
BRDA:2,72,0,0
BRDA:2,72,1,0
BRDA:2,73,0,0
BRDA:2,73,1,0
BRDA:2,74,0,0
BRDA:2,74,1,0
BRDA:2,75,0,0
BRDA:2,75,1,0
BRDA:2,76,0,0
BRDA:2,76,1,0
BRDA:2,77,0,0
BRDA:2,77,1,0
BRDA:2,78,0,0
BRDA:2,78,1,0
BRDA:2,79,0,0
BRDA:2,79,1,0
BRDA:2,80,0,0
BRDA:2,80,1,0
BRDA:2,81,0,0
BRDA:2,81,1,0
BRDA:2,82,0,0
BRDA:2,82,1,0
BRDA:2,83,0,0
BRDA:2,83,1,0
BRDA:2,84,0,0
BRDA:2,84,1,0
BRDA:2,85,0,0
BRDA:2,85,1,0
BRDA:2,86,0,0
BRDA:2,86,1,0
BRDA:2,87,0,0
BRDA:2,87,1,0
BRDA:2,88,0,0
BRDA:2,88,1,0
BRDA:2,89,0,0
BRDA:2,89,1,0
BRDA:2,89,2,0
BRDA:2,90,0,0
BRDA:2,90,1,0
BRDA:2,91,0,0
BRDA:2,91,1,0
BRDA:2,92,0,0
BRDA:2,92,1,0
BRDA:2,93,0,0
BRDA:2,93,1,0
BRDA:2,94,0,0
BRDA:2,94,1,0
BRDA:2,95,0,0
BRDA:2,95,1,0
BRDA:2,96,0,0
BRDA:2,96,1,0
BRDA:2,97,0,0
BRDA:2,97,1,0
BRDA:2,98,0,0
BRDA:2,98,1,0
BRDA:2,99,0,0
BRDA:2,99,1,0
BRDA:2,100,0,0
BRDA:2,100,1,0
BRDA:2,101,0,0
BRDA:2,101,1,0
BRDA:2,102,0,0
BRDA:2,102,1,0
BRDA:2,103,0,0
BRDA:2,103,1,0
BRDA:2,104,0,0
BRDA:2,104,1,0
BRDA:2,105,0,0
BRDA:2,105,1,0
BRDA:2,106,0,0
BRDA:2,106,1,0
BRDA:2,107,0,0
BRDA:2,107,1,0
BRDA:2,108,0,0
BRDA:2,108,1,0
BRDA:2,109,0,0
BRDA:2,109,1,0
BRDA:2,110,0,0
BRDA:2,110,1,0
BRDA:2,111,0,0
BRDA:2,111,1,0
BRDA:2,112,0,0
BRDA:2,112,1,0
BRDA:2,113,0,0
BRDA:2,113,1,0
BRDA:2,114,0,0
BRDA:2,114,1,0
BRDA:2,115,0,0
BRDA:2,115,1,0
BRDA:2,116,0,0
BRDA:2,116,1,0
BRDA:2,117,0,0
BRDA:2,117,1,0
BRDA:2,118,0,0
BRDA:2,118,1,0
BRDA:2,119,0,0
BRDA:2,119,1,0
BRDA:2,120,0,0
BRDA:2,120,1,0
BRDA:2,121,0,0
BRDA:2,121,1,0
BRDA:2,122,0,0
BRDA:2,122,1,0
BRDA:2,123,0,0
BRDA:2,123,1,0
BRDA:2,124,0,0
BRDA:2,124,1,0
BRDA:2,125,0,0
BRDA:2,125,1,0
BRDA:2,126,0,0
BRDA:2,126,1,0
BRDA:2,127,0,0
BRDA:2,127,1,0
BRDA:2,128,0,0
BRDA:2,128,1,0
BRDA:2,128,2,0
BRDA:2,129,0,0
BRDA:2,129,1,0
BRDA:2,130,0,0
BRDA:2,130,1,0
BRDA:2,131,0,0
BRDA:2,131,1,0
BRDA:2,131,2,0
BRDA:2,131,3,0
BRDA:2,131,4,0
BRDA:2,132,0,0
BRDA:2,132,1,0
BRDA:2,133,0,0
BRDA:2,133,1,0
BRDA:2,134,0,0
BRDA:2,134,1,0
BRDA:2,135,0,0
BRDA:2,135,1,0
BRDA:2,136,0,0
BRDA:2,136,1,0
BRDA:2,137,0,0
BRDA:2,137,1,0
BRDA:2,138,0,0
BRDA:2,138,1,0
BRF:286
BRH:0
end_of_record
TN:
SF:coverage/lcov-report/sorter.js
FN:2,(anonymous_0)
FN:11,getTable
FN:15,getTableHeader
FN:19,getTableBody
FN:23,getNthColumn
FN:28,loadColumns
FN:53,loadRowData
FN:72,loadData
FN:81,sortByIndex
FN:83,(anonymous_9)
FN:95,(anonymous_10)
FN:112,removeSortIndicators
FN:120,addSortIndicators
FN:126,enableUI
FN:129,ithSorter
FN:132,(anonymous_15)
FN:159,(anonymous_16)
FNF:17
FNH:0
FNDA:0,(anonymous_0)
FNDA:0,getTable
FNDA:0,getTableHeader
FNDA:0,getTableBody
FNDA:0,getNthColumn
FNDA:0,loadColumns
FNDA:0,loadRowData
FNDA:0,loadData
FNDA:0,sortByIndex
FNDA:0,(anonymous_9)
FNDA:0,(anonymous_10)
FNDA:0,removeSortIndicators
FNDA:0,addSortIndicators
FNDA:0,enableUI
FNDA:0,ithSorter
FNDA:0,(anonymous_15)
FNDA:0,(anonymous_16)
DA:2,0
DA:5,0
DA:12,0
DA:16,0
DA:20,0
DA:24,0
DA:29,0
DA:31,0
DA:35,0
DA:36,0
DA:37,0
DA:42,0
DA:43,0
DA:44,0
DA:45,0
DA:49,0
DA:54,0
DA:57,0
DA:60,0
DA:61,0
DA:62,0
DA:63,0
DA:64,0
DA:65,0
DA:67,0
DA:69,0
DA:73,0
DA:76,0
DA:77,0
DA:82,0
DA:83,0
DA:84,0
DA:85,0
DA:86,0
DA:88,0
DA:89,0
DA:90,0
DA:91,0
DA:94,0
DA:95,0
DA:96,0
DA:100,0
DA:101,0
DA:102,0
DA:105,0
DA:107,0
DA:108,0
DA:113,0
DA:114,0
DA:116,0
DA:117,0
DA:121,0
DA:129,0
DA:130,0
DA:132,0
DA:133,0
DA:135,0
DA:136,0
DA:138,0
DA:139,0
DA:140,0
DA:141,0
DA:142,0
DA:145,0
DA:146,0
DA:149,0
DA:150,0
DA:151,0
DA:153,0
DA:159,0
DA:160,0
DA:161,0
DA:163,0
DA:164,0
DA:165,0
DA:166,0
DA:170,0
LF:77
LH:0
BRDA:40,0,0,0
BRDA:40,0,1,0
BRDA:43,1,0,0
BRDA:43,1,1,0
BRDA:64,2,0,0
BRDA:64,2,1,0
BRDA:86,3,0,0
BRDA:86,3,1,0
BRDA:86,4,0,0
BRDA:86,4,1,0
BRDA:94,5,0,0
BRDA:94,5,1,0
BRDA:121,6,0,0
BRDA:121,6,1,0
BRDA:135,7,0,0
BRDA:135,7,1,0
BRDA:146,8,0,0
BRDA:146,8,1,0
BRDA:150,9,0,0
BRDA:150,9,1,0
BRDA:160,10,0,0
BRDA:160,10,1,0
BRF:22
BRH:0
end_of_record
TN:
SF:functions/index.js
FN:20,(anonymous_0)
FN:24,(anonymous_1)
FN:30,(anonymous_2)
FN:32,(anonymous_3)
FN:50,(anonymous_4)
FN:53,(anonymous_5)
FNF:6
FNH:0
FNDA:0,(anonymous_0)
FNDA:0,(anonymous_1)
FNDA:0,(anonymous_2)
FNDA:0,(anonymous_3)
FNDA:0,(anonymous_4)
FNDA:0,(anonymous_5)
DA:1,0
DA:2,0
DA:3,0
DA:4,0
DA:5,0
DA:6,0
DA:7,0
DA:13,0
DA:14,0
DA:15,0
DA:17,0
DA:19,0
DA:23,0
DA:27,0
DA:30,0
DA:31,0
DA:41,0
DA:48,0
DA:50,0
DA:53,0
DA:58,0
DA:59,0
DA:61,0
DA:65,0
LF:24
LH:0
BRF:0
BRH:0
end_of_record
TN:
SF:functions/builds/decks/index.js
FN:9,(anonymous_0)
FN:13,(anonymous_1)
FNF:2
FNH:0
FNDA:0,(anonymous_0)
FNDA:0,(anonymous_1)
DA:3,0
DA:7,0
DA:9,0
DA:10,0
DA:11,0
DA:14,0
LF:6
LH:0
BRDA:10,0,0,0
BRDA:10,0,1,0
BRDA:10,1,0,0
BRDA:10,1,1,0
BRF:4
BRH:0
end_of_record
TN:
SF:functions/builds/decks/repos/deck-repository.js
FN:8,(anonymous_0)
FN:12,(anonymous_1)
FN:22,(anonymous_2)
FN:30,(anonymous_3)
FN:33,(anonymous_4)
FN:35,(anonymous_5)
FN:37,(anonymous_6)
FN:39,(anonymous_7)
FNF:8
FNH:0
FNDA:0,(anonymous_0)
FNDA:0,(anonymous_1)
FNDA:0,(anonymous_2)
FNDA:0,(anonymous_3)
FNDA:0,(anonymous_4)
FNDA:0,(anonymous_5)
FNDA:0,(anonymous_6)
FNDA:0,(anonymous_7)
DA:3,0
DA:6,0
DA:8,0
DA:11,0
DA:13,0
DA:14,0
DA:20,0
DA:22,0
DA:24,0
DA:28,0
DA:30,0
DA:31,0
DA:32,0
DA:34,0
DA:36,0
DA:38,0
DA:40,0
LF:17
LH:0
BRDA:8,0,0,0
BRDA:22,1,0,0
BRDA:30,2,0,0
BRF:3
BRH:0
end_of_record
TN:
SF:functions/builds/decks/repos/index.js
FN:9,(anonymous_0)
FN:13,(anonymous_1)
FNF:2
FNH:0
FNDA:0,(anonymous_0)
FNDA:0,(anonymous_1)
DA:3,0
DA:7,0
DA:9,0
DA:10,0
DA:11,0
DA:14,0
LF:6
LH:0
BRDA:10,0,0,0
BRDA:10,0,1,0
BRDA:10,1,0,0
BRDA:10,1,1,0
BRF:4
BRH:0
end_of_record
TN:
SF:functions/builds/game/index.js
FN:8,(anonymous_0)
FN:14,(anonymous_1)
FN:28,_getRequireWildcardCache
FN:28,(anonymous_3)
FN:30,_interopRequireWildcard
FNF:5
FNH:0
FNDA:0,(anonymous_0)
FNDA:0,(anonymous_1)
FNDA:0,_getRequireWildcardCache
FNDA:0,(anonymous_3)
FNDA:0,_interopRequireWildcard
DA:3,0
DA:6,0
DA:9,0
DA:12,0
DA:15,0
DA:18,0
DA:20,0
DA:22,0
DA:24,0
DA:26,0
DA:28,0
DA:30,0
LF:12
LH:0
BRDA:28,0,0,0
BRDA:28,0,1,0
BRDA:30,1,0,0
BRDA:30,1,1,0
BRDA:30,2,0,0
BRDA:30,2,1,0
BRDA:30,3,0,0
BRDA:30,3,1,0
BRDA:30,4,0,0
BRDA:30,4,1,0
BRDA:30,4,2,0
BRDA:30,5,0,0
BRDA:30,5,1,0
BRDA:30,6,0,0
BRDA:30,6,1,0
BRDA:30,7,0,0
BRDA:30,7,1,0
BRDA:30,8,0,0
BRDA:30,8,1,0
BRDA:30,9,0,0
BRDA:30,9,1,0
BRDA:30,10,0,0
BRDA:30,10,1,0
BRDA:30,11,0,0
BRDA:30,11,1,0
BRDA:30,11,2,0
BRDA:30,12,0,0
BRDA:30,12,1,0
BRF:28
BRH:0
end_of_record
TN:
SF:functions/builds/game/domain/events.js
FN:8,(anonymous_0)
FN:19,(anonymous_1)
FN:32,(anonymous_2)
FNF:3
FNH:0
FNDA:0,(anonymous_0)
FNDA:0,(anonymous_1)
FNDA:0,(anonymous_2)
DA:3,0
DA:6,0
DA:8,0
DA:10,0
DA:17,0
DA:19,0
DA:22,0
DA:30,0
DA:32,0
DA:35,0
DA:43,0
LF:11
LH:0
BRF:0
BRH:0
end_of_record
TN:
SF:functions/builds/game/domain/game.js
FN:31,(anonymous_0)
FN:48,(anonymous_1)
FN:52,(anonymous_2)
FN:54,(anonymous_3)
FN:66,(anonymous_4)
FN:79,(anonymous_5)
FN:87,(anonymous_6)
FNF:7
FNH:0
FNDA:0,(anonymous_0)
FNDA:0,(anonymous_1)
FNDA:0,(anonymous_2)
FNDA:0,(anonymous_3)
FNDA:0,(anonymous_4)
FNDA:0,(anonymous_5)
FNDA:0,(anonymous_6)
DA:3,0
DA:6,0
DA:8,0
DA:10,0
DA:12,0
DA:15,0
DA:18,0
DA:19,0
DA:25,0
DA:26,0
DA:27,0
DA:28,0
DA:29,0
DA:31,0
DA:36,0
DA:37,0
DA:38,0
DA:46,0
DA:48,0
DA:50,0
DA:52,0
DA:54,0
DA:57,0
DA:64,0
DA:66,0
DA:67,0
DA:68,0
DA:69,0
DA:77,0
DA:79,0
DA:80,0
DA:81,0
DA:84,0
DA:85,0
DA:89,0
DA:93,0
DA:96,0
LF:37
LH:0
BRDA:31,0,0,0
BRDA:34,1,0,0
BRDA:36,2,0,0
BRDA:36,2,1,0
BRDA:37,3,0,0
BRDA:37,3,1,0
BRDA:67,4,0,0
BRDA:67,4,1,0
BRDA:68,5,0,0
BRDA:68,5,1,0
BRDA:80,6,0,0
BRDA:80,6,1,0
BRDA:84,7,0,0
BRDA:84,7,1,0
BRF:14
BRH:0
end_of_record
TN:
SF:functions/builds/game/domain/player.js
FN:8,(anonymous_0)
FN:22,(anonymous_1)
FNF:2
FNH:0
FNDA:0,(anonymous_0)
FNDA:0,(anonymous_1)
DA:3,0
DA:6,0
DA:8,0
DA:12,0
DA:13,0
DA:14,0
DA:20,0
DA:22,0
DA:24,0
LF:9
LH:0
BRDA:8,0,0,0
BRDA:12,1,0,0
BRDA:12,1,1,0
BRDA:13,2,0,0
BRDA:13,2,1,0
BRF:5
BRH:0
end_of_record
TN:
SF:functions/builds/game/domain/result.js
FN:8,(anonymous_0)
FN:15,(anonymous_1)
FNF:2
FNH:0
FNDA:0,(anonymous_0)
FNDA:0,(anonymous_1)
DA:3,0
DA:6,0
DA:8,0
DA:13,0
DA:15,0
DA:20,0
LF:6
LH:0
BRDA:8,0,0,0
BRF:1
BRH:0
end_of_record
TN:
SF:functions/builds/game/infra/graphql/get-context.js
FN:8,(anonymous_0)
FN:11,(anonymous_1)
FNF:2
FNH:0
FNDA:0,(anonymous_0)
FNDA:0,(anonymous_1)
DA:3,0
DA:6,0
DA:8,0
DA:11,0
DA:16,0
LF:5
LH:0
BRDA:8,0,0,0
BRF:1
BRH:0
end_of_record
TN:
SF:functions/builds/game/infra/graphql/get-data-sources.js
FN:10,(anonymous_0)
FN:12,(anonymous_1)
FNF:2
FNH:0
FNDA:0,(anonymous_0)
FNDA:0,(anonymous_1)
DA:3,0
DA:6,0
DA:8,0
DA:10,0
DA:12,0
DA:16,0
LF:6
LH:0
BRDA:10,0,0,0
BRDA:11,1,0,0
BRF:2
BRH:0
end_of_record
TN:
SF:functions/builds/game/infra/graphql/handle-use-case-result.js
FN:8,(anonymous_0)
FN:11,(anonymous_1)
FNF:2
FNH:0
FNDA:0,(anonymous_0)
FNDA:0,(anonymous_1)
DA:3,0
DA:6,0
DA:8,0
DA:11,0
DA:12,0
DA:13,0
DA:18,0
DA:19,0
DA:24,0
LF:9
LH:0
BRDA:12,0,0,0
BRDA:12,0,1,0
BRF:2
BRH:0
end_of_record
TN:
SF:functions/builds/game/infra/graphql/schema/game.js
FN:17,(anonymous_0)
FN:25,(anonymous_1)
FNF:2
FNH:0
FNDA:0,(anonymous_0)
FNDA:0,(anonymous_1)
DA:3,0
DA:6,0
DA:8,0
DA:10,0
DA:12,0
DA:14,0
DA:18,0
DA:19,0
DA:22,0
DA:26,0
DA:33,0
LF:11
LH:0
BRF:0
BRH:0
end_of_record
TN:
SF:functions/builds/game/infra/graphql/schema/index.js
FN:9,(anonymous_0)
FN:13,(anonymous_1)
FN:21,(anonymous_2)
FN:25,(anonymous_3)
FN:33,(anonymous_4)
FN:37,(anonymous_5)
FN:45,(anonymous_6)
FN:49,(anonymous_7)
FNF:8
FNH:0
FNDA:0,(anonymous_0)
FNDA:0,(anonymous_1)
FNDA:0,(anonymous_2)
FNDA:0,(anonymous_3)
FNDA:0,(anonymous_4)
FNDA:0,(anonymous_5)
FNDA:0,(anonymous_6)
FNDA:0,(anonymous_7)
DA:3,0
DA:7,0
DA:9,0
DA:10,0
DA:11,0
DA:14,0
DA:19,0
DA:21,0
DA:22,0
DA:23,0
DA:26,0
DA:31,0
DA:33,0
DA:34,0
DA:35,0
DA:38,0
DA:43,0
DA:45,0
DA:46,0
DA:47,0
DA:50,0
LF:21
LH:0
BRDA:10,0,0,0
BRDA:10,0,1,0
BRDA:10,1,0,0
BRDA:10,1,1,0
BRDA:22,2,0,0
BRDA:22,2,1,0
BRDA:22,3,0,0
BRDA:22,3,1,0
BRDA:34,4,0,0
BRDA:34,4,1,0
BRDA:34,5,0,0
BRDA:34,5,1,0
BRDA:46,6,0,0
BRDA:46,6,1,0
BRDA:46,7,0,0
BRDA:46,7,1,0
BRF:16
BRH:0
end_of_record
TN:
SF:functions/builds/game/infra/graphql/schema/player.js
FN:13,(anonymous_0)
FNF:1
FNH:0
FNDA:0,(anonymous_0)
DA:3,0
DA:6,0
DA:8,0
DA:10,0
DA:14,0
DA:15,0
DA:19,0
LF:7
LH:0
BRF:0
BRH:0
end_of_record
TN:
SF:functions/builds/game/infra/graphql/schema/query.js
FN:18,(anonymous_0)
FNF:1
FNH:0
FNDA:0,(anonymous_0)
DA:3,0
DA:6,0
DA:8,0
DA:10,0
DA:12,0
DA:14,0
DA:21,0
DA:24,0
DA:28,0
LF:9
LH:0
BRF:0
BRH:0
end_of_record
TN:
SF:functions/builds/game/infra/graphql/schema/mutations/create-game.js
FN:21,(anonymous_0)
FN:32,(anonymous_1)
FNF:2
FNH:0
FNDA:0,(anonymous_0)
FNDA:0,(anonymous_1)
DA:3,0
DA:6,0
DA:8,0
DA:10,0
DA:12,0
DA:14,0
DA:16,0
DA:18,0
DA:22,0
DA:28,0
DA:29,0
DA:37,0
DA:40,0
DA:44,0
DA:48,0
DA:52,0
LF:16
LH:0
BRF:0
BRH:0
end_of_record
TN:
SF:functions/builds/game/infra/graphql/schema/mutations/index.js
FN:9,(anonymous_0)
FN:13,(anonymous_1)
FN:21,(anonymous_2)
FN:25,(anonymous_3)
FN:33,(anonymous_4)
FN:37,(anonymous_5)
FNF:6
FNH:0
FNDA:0,(anonymous_0)
FNDA:0,(anonymous_1)
FNDA:0,(anonymous_2)
FNDA:0,(anonymous_3)
FNDA:0,(anonymous_4)
FNDA:0,(anonymous_5)
DA:3,0
DA:7,0
DA:9,0
DA:10,0
DA:11,0
DA:14,0
DA:19,0
DA:21,0
DA:22,0
DA:23,0
DA:26,0
DA:31,0
DA:33,0
DA:34,0
DA:35,0
DA:38,0
LF:16
LH:0
BRDA:10,0,0,0
BRDA:10,0,1,0
BRDA:10,1,0,0
BRDA:10,1,1,0
BRDA:22,2,0,0
BRDA:22,2,1,0
BRDA:22,3,0,0
BRDA:22,3,1,0
BRDA:34,4,0,0
BRDA:34,4,1,0
BRDA:34,5,0,0
BRDA:34,5,1,0
BRF:12
BRH:0
end_of_record
TN:
SF:functions/builds/game/infra/graphql/schema/mutations/join-game.js
FN:21,(anonymous_0)
FN:32,(anonymous_1)
FN:48,(anonymous_2)
FN:59,(anonymous_3)
FN:61,(anonymous_4)
FN:72,(anonymous_5)
FNF:6
FNH:0
FNDA:0,(anonymous_0)
FNDA:0,(anonymous_1)
FNDA:0,(anonymous_2)
FNDA:0,(anonymous_3)
FNDA:0,(anonymous_4)
FNDA:0,(anonymous_5)
DA:3,0
DA:6,0
DA:8,0
DA:10,0
DA:12,0
DA:14,0
DA:16,0
DA:18,0
DA:22,0
DA:28,0
DA:29,0
DA:33,0
DA:39,0
DA:40,0
DA:44,0
DA:45,0
DA:49,0
DA:55,0
DA:56,0
DA:60,0
DA:61,0
DA:65,0
DA:66,0
DA:81,0
DA:82,0
DA:85,0
DA:89,0
DA:93,0
DA:97,0
LF:29
LH:0
BRDA:61,0,0,0
BRDA:61,0,1,0
BRF:2
BRH:0
end_of_record
TN:
SF:functions/builds/game/infra/graphql/schema/mutations/start-game.js
FN:19,(anonymous_0)
FN:30,(anonymous_1)
FN:44,(anonymous_2)
FN:55,(anonymous_3)
FN:57,(anonymous_4)
FN:68,(anonymous_5)
FNF:6
FNH:0
FNDA:0,(anonymous_0)
FNDA:0,(anonymous_1)
FNDA:0,(anonymous_2)
FNDA:0,(anonymous_3)
FNDA:0,(anonymous_4)
FNDA:0,(anonymous_5)
DA:3,0
DA:6,0
DA:8,0
DA:10,0
DA:12,0
DA:14,0
DA:16,0
DA:20,0
DA:26,0
DA:27,0
DA:31,0
DA:35,0
DA:36,0
DA:40,0
DA:41,0
DA:45,0
DA:51,0
DA:52,0
DA:56,0
DA:57,0
DA:61,0
DA:62,0
DA:77,0
DA:80,0
DA:81,0
DA:85,0
DA:88,0
DA:92,0
DA:96,0
LF:29
LH:0
BRDA:57,0,0,0
BRDA:57,0,1,0
BRF:2
BRH:0
end_of_record
TN:
SF:functions/builds/game/repos/game-repository.js
FN:13,(anonymous_0)
FN:22,(anonymous_1)
FN:28,(anonymous_2)
FN:32,(anonymous_3)
FN:36,(anonymous_4)
FN:46,(anonymous_5)
FN:47,(anonymous_6)
FN:49,(anonymous_7)
FN:54,(anonymous_8)
FN:63,(anonymous_9)
FN:73,(anonymous_10)
FN:73,(anonymous_11)
FN:75,(anonymous_12)
FN:79,(anonymous_13)
FN:81,(anonymous_14)
FN:83,(anonymous_15)
FN:85,(anonymous_16)
FN:93,(anonymous_17)
FN:97,(anonymous_18)
FN:104,(anonymous_19)
FN:105,(anonymous_20)
FN:106,(anonymous_21)
FNF:22
FNH:0
FNDA:0,(anonymous_0)
FNDA:0,(anonymous_1)
FNDA:0,(anonymous_2)
FNDA:0,(anonymous_3)
FNDA:0,(anonymous_4)
FNDA:0,(anonymous_5)
FNDA:0,(anonymous_6)
FNDA:0,(anonymous_7)
FNDA:0,(anonymous_8)
FNDA:0,(anonymous_9)
FNDA:0,(anonymous_10)
FNDA:0,(anonymous_11)
FNDA:0,(anonymous_12)
FNDA:0,(anonymous_13)
FNDA:0,(anonymous_14)
FNDA:0,(anonymous_15)
FNDA:0,(anonymous_16)
FNDA:0,(anonymous_17)
FNDA:0,(anonymous_18)
FNDA:0,(anonymous_19)
FNDA:0,(anonymous_20)
FNDA:0,(anonymous_21)
DA:3,0
DA:6,0
DA:8,0
DA:10,0
DA:14,0
DA:15,0
DA:20,0
DA:22,0
DA:26,0
DA:27,0
DA:29,0
DA:33,0
DA:37,0
DA:39,0
DA:40,0
DA:43,0
DA:47,0
DA:48,0
DA:49,0
DA:50,0
DA:55,0
DA:61,0
DA:63,0
DA:66,0
DA:71,0
DA:73,0
DA:75,0
DA:76,0
DA:78,0
DA:80,0
DA:82,0
DA:84,0
DA:86,0
DA:94,0
DA:98,0
DA:105,0
DA:107,0
DA:111,0
LF:38
LH:0
BRDA:22,0,0,0
BRDA:23,1,0,0
BRDA:24,2,0,0
BRDA:39,3,0,0
BRDA:39,3,1,0
BRDA:75,4,0,0
BRF:6
BRH:0
end_of_record
TN:
SF:functions/builds/game/repos/index.js
FN:9,(anonymous_0)
FN:13,(anonymous_1)
FNF:2
FNH:0
FNDA:0,(anonymous_0)
FNDA:0,(anonymous_1)
DA:3,0
DA:7,0
DA:9,0
DA:10,0
DA:11,0
DA:14,0
LF:6
LH:0
BRDA:10,0,0,0
BRDA:10,0,1,0
BRDA:10,1,0,0
BRDA:10,1,1,0
BRF:4
BRH:0
end_of_record
TN:
SF:functions/builds/game/useCases/create-new-game.js
FN:10,(anonymous_0)
FN:12,(anonymous_1)
FNF:2
FNH:0
FNDA:0,(anonymous_0)
FNDA:0,(anonymous_1)
DA:3,0
DA:6,0
DA:8,0
DA:10,0
DA:12,0
DA:13,0
DA:14,0
DA:19,0
DA:20,0
DA:23,0
DA:26,0
LF:11
LH:0
BRDA:19,0,0,0
BRDA:19,0,1,0
BRF:2
BRH:0
end_of_record
TN:
SF:functions/builds/game/useCases/get-games.js
FN:8,(anonymous_0)
FN:10,(anonymous_1)
FNF:2
FNH:0
FNDA:0,(anonymous_0)
FNDA:0,(anonymous_1)
DA:3,0
DA:6,0
DA:8,0
DA:10,0
DA:12,0
LF:5
LH:0
BRF:0
BRH:0
end_of_record
TN:
SF:functions/builds/game/useCases/join-game.js
FN:12,(anonymous_0)
FN:14,(anonymous_1)
FNF:2
FNH:0
FNDA:0,(anonymous_0)
FNDA:0,(anonymous_1)
DA:3,0
DA:6,0
DA:8,0
DA:10,0
DA:12,0
DA:14,0
DA:18,0
DA:19,0
DA:23,0
DA:24,0
DA:27,0
LF:11
LH:0
BRDA:23,0,0,0
BRDA:23,0,1,0
BRF:2
BRH:0
end_of_record
TN:
SF:functions/builds/game/useCases/start-game.js
FN:12,(anonymous_0)
FN:15,(anonymous_1)
FNF:2
FNH:0
FNDA:0,(anonymous_0)
FNDA:0,(anonymous_1)
DA:3,0
DA:6,0
DA:8,0
DA:10,0
DA:12,0
DA:15,0
DA:18,0
DA:22,0
DA:23,0
DA:25,0
DA:26,0
DA:29,0
DA:32,0
LF:13
LH:0
BRDA:25,0,0,0
BRDA:25,0,1,0
BRF:2
BRH:0
end_of_record
TN:
SF:functions/builds/shared/index.js
FN:12,_getRequireWildcardCache
FN:12,(anonymous_1)
FN:14,_interopRequireWildcard
FNF:3
FNH:0
FNDA:0,_getRequireWildcardCache
FNDA:0,(anonymous_1)
FNDA:0,_interopRequireWildcard
DA:3,0
DA:6,0
DA:8,0
DA:10,0
DA:12,0
DA:14,0
LF:6
LH:0
BRDA:12,0,0,0
BRDA:12,0,1,0
BRDA:14,1,0,0
BRDA:14,1,1,0
BRDA:14,2,0,0
BRDA:14,2,1,0
BRDA:14,3,0,0
BRDA:14,3,1,0
BRDA:14,4,0,0
BRDA:14,4,1,0
BRDA:14,4,2,0
BRDA:14,5,0,0
BRDA:14,5,1,0
BRDA:14,6,0,0
BRDA:14,6,1,0
BRDA:14,7,0,0
BRDA:14,7,1,0
BRDA:14,8,0,0
BRDA:14,8,1,0
BRDA:14,9,0,0
BRDA:14,9,1,0
BRDA:14,10,0,0
BRDA:14,10,1,0
BRDA:14,11,0,0
BRDA:14,11,1,0
BRDA:14,11,2,0
BRDA:14,12,0,0
BRDA:14,12,1,0
BRF:28
BRH:0
end_of_record
TN:
SF:functions/builds/shared/testUtils/index.js
FN:9,(anonymous_0)
FN:13,(anonymous_1)
FNF:2
FNH:0
FNDA:0,(anonymous_0)
FNDA:0,(anonymous_1)
DA:3,0
DA:7,0
DA:9,0
DA:10,0
DA:11,0
DA:14,0
LF:6
LH:0
BRDA:10,0,0,0
BRDA:10,0,1,0
BRDA:10,1,0,0
BRDA:10,1,1,0
BRF:4
BRH:0
end_of_record
TN:
SF:functions/builds/shared/testUtils/test-server.js
FN:12,(anonymous_0)
FN:15,(anonymous_1)
FN:17,(anonymous_2)
FNF:3
FNH:0
FNDA:0,(anonymous_0)
FNDA:0,(anonymous_1)
FNDA:0,(anonymous_2)
DA:3,0
DA:6,0
DA:8,0
DA:10,0
DA:12,0
DA:15,0
DA:20,0
DA:32,0
LF:8
LH:0
BRDA:15,0,0,0
BRDA:17,1,0,0
BRDA:18,2,0,0
BRDA:19,3,0,0
BRF:4
BRH:0
end_of_record
TN:
SF:functions/builds/turn/domain/behaviors.js
FN:16,(anonymous_0)
FNF:1
FNH:0
FNDA:0,(anonymous_0)
DA:3,0
DA:6,0
DA:8,0
DA:10,0
DA:12,0
DA:14,0
DA:16,0
DA:21,0
DA:22,0
DA:25,0
DA:30,0
DA:31,0
DA:34,0
LF:13
LH:0
BRDA:21,0,0,0
BRDA:21,0,1,0
BRF:2
BRH:0
end_of_record
TN:
SF:functions/builds/turn/domain/compute-score.js
FN:12,(anonymous_0)
FN:19,(anonymous_1)
FN:24,(anonymous_2)
FN:24,(anonymous_3)
FN:27,(anonymous_4)
FN:36,(anonymous_5)
FNF:6
FNH:0
FNDA:0,(anonymous_0)
FNDA:0,(anonymous_1)
FNDA:0,(anonymous_2)
FNDA:0,(anonymous_3)
FNDA:0,(anonymous_4)
FNDA:0,(anonymous_5)
DA:3,0
DA:5,0
DA:7,0
DA:10,0
DA:12,0
DA:15,0
DA:19,0
DA:23,0
DA:24,0
DA:26,0
DA:27,0
DA:30,0
DA:36,0
DA:40,0
DA:41,0
DA:47,0
DA:54,0
LF:17
LH:0
BRDA:26,0,0,0
BRDA:26,0,1,0
BRDA:26,1,0,0
BRDA:26,1,1,0
BRDA:32,2,0,0
BRDA:32,2,1,0
BRDA:40,3,0,0
BRDA:40,3,1,0
BRDA:49,4,0,0
BRDA:49,4,1,0
BRF:10
BRH:0
end_of_record
TN:
SF:functions/builds/turn/domain/errors.js
FNF:0
FNH:0
DA:3,0
DA:6,0
DA:7,0
DA:10,0
LF:4
LH:0
BRF:0
BRH:0
end_of_record
TN:
SF:functions/builds/turn/domain/events.js
FN:15,(anonymous_0)
FN:30,(anonymous_1)
FN:43,(anonymous_2)
FN:56,(anonymous_3)
FNF:4
FNH:0
FNDA:0,(anonymous_0)
FNDA:0,(anonymous_1)
FNDA:0,(anonymous_2)
FNDA:0,(anonymous_3)
DA:3,0
DA:6,0
DA:7,0
DA:20,0
DA:34,0
DA:47,0
DA:60,0
DA:70,0
LF:8
LH:0
BRF:0
BRH:0
end_of_record
TN:
SF:functions/builds/turn/domain/reducer.js
FN:43,(anonymous_0)
FN:43,(anonymous_1)
FN:48,(anonymous_2)
FN:58,(anonymous_3)
FN:58,(anonymous_4)
FN:76,(anonymous_5)
FN:90,(anonymous_6)
FN:90,(anonymous_7)
FN:105,(anonymous_8)
FN:116,(anonymous_9)
FN:133,(anonymous_10)
FN:135,(anonymous_11)
FN:147,(anonymous_12)
FN:163,(anonymous_13)
FN:180,(anonymous_14)
FN:196,(anonymous_15)
FN:196,(anonymous_16)
FN:201,(anonymous_17)
FNF:18
FNH:0
FNDA:0,(anonymous_0)
FNDA:0,(anonymous_1)
FNDA:0,(anonymous_2)
FNDA:0,(anonymous_3)
FNDA:0,(anonymous_4)
FNDA:0,(anonymous_5)
FNDA:0,(anonymous_6)
FNDA:0,(anonymous_7)
FNDA:0,(anonymous_8)
FNDA:0,(anonymous_9)
FNDA:0,(anonymous_10)
FNDA:0,(anonymous_11)
FNDA:0,(anonymous_12)
FNDA:0,(anonymous_13)
FNDA:0,(anonymous_14)
FNDA:0,(anonymous_15)
FNDA:0,(anonymous_16)
FNDA:0,(anonymous_17)
DA:3,0
DA:6,0
DA:8,0
DA:10,0
DA:12,0
DA:14,0
DA:17,0
DA:23,0
DA:24,0
DA:25,0
DA:36,0
DA:37,0
DA:41,0
DA:43,0
DA:44,0
DA:46,0
DA:48,0
DA:49,0
DA:51,0
DA:54,0
DA:58,0
DA:59,0
DA:61,0
DA:63,0
DA:64,0
DA:65,0
DA:66,0
DA:73,0
DA:74,0
DA:76,0
DA:77,0
DA:78,0
DA:79,0
DA:82,0
DA:86,0
DA:90,0
DA:91,0
DA:93,0
DA:99,0
DA:101,0
DA:102,0
DA:105,0
DA:107,0
DA:108,0
DA:109,0
DA:115,0
DA:116,0
DA:117,0
DA:118,0
DA:119,0
DA:125,0
DA:129,0
DA:133,0
DA:134,0
DA:135,0
DA:136,0
DA:138,0
DA:144,0
DA:146,0
DA:147,0
DA:148,0
DA:149,0
DA:154,0
DA:158,0
DA:162,0
DA:163,0
DA:165,0
DA:166,0
DA:170,0
DA:177,0
DA:180,0
DA:181,0
DA:183,0
DA:186,0
DA:189,0
DA:192,0
DA:196,0
DA:197,0
DA:199,0
DA:201,0
DA:202,0
DA:207,0
DA:210,0
DA:214,0
DA:218,0
LF:85
LH:0
BRDA:43,0,0,0
BRDA:44,1,0,0
BRDA:44,1,1,0
BRDA:46,2,0,0
BRDA:46,2,1,0
BRDA:58,3,0,0
BRDA:59,4,0,0
BRDA:59,4,1,0
BRDA:61,5,0,0
BRDA:61,5,1,0
BRDA:61,5,2,0
BRDA:76,6,0,0
BRDA:76,6,1,0
BRDA:90,7,0,0
BRDA:91,8,0,0
BRDA:91,8,1,0
BRDA:93,9,0,0
BRDA:93,9,1,0
BRDA:101,10,0,0
BRDA:101,10,1,0
BRDA:107,11,0,0
BRDA:107,11,1,0
BRDA:115,12,0,0
BRDA:115,12,1,0
BRDA:133,13,0,0
BRDA:134,14,0,0
BRDA:134,14,1,0
BRDA:136,15,0,0
BRDA:136,15,1,0
BRDA:138,16,0,0
BRDA:138,16,1,0
BRDA:146,17,0,0
BRDA:146,17,1,0
BRDA:148,18,0,0
BRDA:148,18,1,0
BRDA:148,19,0,0
BRDA:148,19,1,0
BRDA:162,20,0,0
BRDA:162,20,1,0
BRDA:165,21,0,0
BRDA:165,21,1,0
BRDA:180,22,0,0
BRDA:181,23,0,0
BRDA:181,23,1,0
BRDA:181,23,2,0
BRDA:181,23,3,0
BRDA:196,24,0,0
BRDA:197,25,0,0
BRDA:197,25,1,0
BRDA:199,26,0,0
BRDA:199,26,1,0
BRF:51
BRH:0
end_of_record
TN:
SF:functions/builds/turn/domain/result.js
FN:8,(anonymous_0)
FN:15,(anonymous_1)
FNF:2
FNH:0
FNDA:0,(anonymous_0)
FNDA:0,(anonymous_1)
DA:3,0
DA:6,0
DA:8,0
DA:13,0
DA:15,0
DA:20,0
LF:6
LH:0
BRDA:8,0,0,0
BRF:1
BRH:0
end_of_record
TN:
SF:functions/builds/turn/domain/view-phase-as.js
FN:10,(anonymous_0)
FN:13,(anonymous_1)
FN:18,(anonymous_2)
FN:23,(anonymous_3)
FN:28,(anonymous_4)
FN:29,(anonymous_5)
FN:40,(anonymous_6)
FN:45,(anonymous_7)
FN:46,(anonymous_8)
FN:52,(anonymous_9)
FN:53,(anonymous_10)
FN:54,(anonymous_11)
FN:59,(anonymous_12)
FN:60,(anonymous_13)
FN:62,(anonymous_14)
FN:68,(anonymous_15)
FN:69,(anonymous_16)
FN:78,(anonymous_17)
FN:85,(anonymous_18)
FNF:19
FNH:0
FNDA:0,(anonymous_0)
FNDA:0,(anonymous_1)
FNDA:0,(anonymous_2)
FNDA:0,(anonymous_3)
FNDA:0,(anonymous_4)
FNDA:0,(anonymous_5)
FNDA:0,(anonymous_6)
FNDA:0,(anonymous_7)
FNDA:0,(anonymous_8)
FNDA:0,(anonymous_9)
FNDA:0,(anonymous_10)
FNDA:0,(anonymous_11)
FNDA:0,(anonymous_12)
FNDA:0,(anonymous_13)
FNDA:0,(anonymous_14)
FNDA:0,(anonymous_15)
FNDA:0,(anonymous_16)
FNDA:0,(anonymous_17)
FNDA:0,(anonymous_18)
DA:3,0
DA:6,0
DA:8,0
DA:10,0
DA:11,0
DA:12,0
DA:14,0
DA:15,0
DA:19,0
DA:20,0
DA:24,0
DA:25,0
DA:29,0
DA:32,0
DA:36,0
DA:37,0
DA:41,0
DA:42,0
DA:46,0
DA:49,0
DA:53,0
DA:54,0
DA:56,0
DA:60,0
DA:61,0
DA:62,0
DA:65,0
DA:69,0
DA:70,0
DA:75,0
DA:79,0
DA:85,0
DA:86,0
DA:88,0
DA:91,0
DA:94,0
DA:97,0
DA:100,0
DA:104,0
LF:39
LH:0
BRDA:10,0,0,0
BRDA:54,1,0,0
BRDA:54,1,1,0
BRDA:62,2,0,0
BRDA:62,2,1,0
BRDA:85,3,0,0
BRDA:86,4,0,0
BRDA:86,4,1,0
BRDA:86,4,2,0
BRDA:86,4,3,0
BRDA:86,4,4,0
BRF:11
BRH:0
end_of_record
TN:
SF:functions/builds/turn/infra/graphql/get-context.js
FN:8,(anonymous_0)
FN:11,(anonymous_1)
FNF:2
FNH:0
FNDA:0,(anonymous_0)
FNDA:0,(anonymous_1)
DA:3,0
DA:6,0
DA:8,0
DA:11,0
DA:16,0
LF:5
LH:0
BRDA:8,0,0,0
BRF:1
BRH:0
end_of_record
TN:
SF:functions/builds/turn/infra/graphql/get-data-sources.js
FN:10,(anonymous_0)
FN:12,(anonymous_1)
FNF:2
FNH:0
FNDA:0,(anonymous_0)
FNDA:0,(anonymous_1)
DA:3,0
DA:6,0
DA:8,0
DA:10,0
DA:12,0
DA:16,0
LF:6
LH:0
BRDA:10,0,0,0
BRDA:11,1,0,0
BRF:2
BRH:0
end_of_record
TN:
SF:functions/builds/turn/infra/graphql/handle-use-case-result.js
FN:8,(anonymous_0)
FNF:1
FNH:0
FNDA:0,(anonymous_0)
DA:3,0
DA:6,0
DA:8,0
DA:12,0
DA:13,0
DA:18,0
DA:19,0
DA:22,0
LF:8
LH:0
BRDA:12,0,0,0
BRDA:12,0,1,0
BRF:2
BRH:0
end_of_record
TN:
SF:functions/builds/turn/infra/graphql/schema/card.js
FN:13,(anonymous_0)
FNF:1
FNH:0
FNDA:0,(anonymous_0)
DA:3,0
DA:6,0
DA:8,0
DA:10,0
DA:14,0
DA:15,0
DA:19,0
LF:7
LH:0
BRF:0
BRH:0
end_of_record
TN:
SF:functions/builds/turn/infra/graphql/schema/index.js
FN:9,(anonymous_0)
FN:13,(anonymous_1)
FN:21,(anonymous_2)
FN:25,(anonymous_3)
FN:33,(anonymous_4)
FN:37,(anonymous_5)
FN:45,(anonymous_6)
FN:49,(anonymous_7)
FNF:8
FNH:0
FNDA:0,(anonymous_0)
FNDA:0,(anonymous_1)
FNDA:0,(anonymous_2)
FNDA:0,(anonymous_3)
FNDA:0,(anonymous_4)
FNDA:0,(anonymous_5)
FNDA:0,(anonymous_6)
FNDA:0,(anonymous_7)
DA:3,0
DA:7,0
DA:9,0
DA:10,0
DA:11,0
DA:14,0
DA:19,0
DA:21,0
DA:22,0
DA:23,0
DA:26,0
DA:31,0
DA:33,0
DA:34,0
DA:35,0
DA:38,0
DA:43,0
DA:45,0
DA:46,0
DA:47,0
DA:50,0
LF:21
LH:0
BRDA:10,0,0,0
BRDA:10,0,1,0
BRDA:10,1,0,0
BRDA:10,1,1,0
BRDA:22,2,0,0
BRDA:22,2,1,0
BRDA:22,3,0,0
BRDA:22,3,1,0
BRDA:34,4,0,0
BRDA:34,4,1,0
BRDA:34,5,0,0
BRDA:34,5,1,0
BRDA:46,6,0,0
BRDA:46,6,1,0
BRDA:46,7,0,0
BRDA:46,7,1,0
BRF:16
BRH:0
end_of_record
TN:
SF:functions/builds/turn/infra/graphql/schema/phase.js
FN:14,(anonymous_0)
FN:16,(anonymous_1)
FN:25,(anonymous_2)
FN:39,(anonymous_3)
FN:52,(anonymous_4)
FN:64,(anonymous_5)
FNF:6
FNH:0
FNDA:0,(anonymous_0)
FNDA:0,(anonymous_1)
FNDA:0,(anonymous_2)
FNDA:0,(anonymous_3)
FNDA:0,(anonymous_4)
FNDA:0,(anonymous_5)
DA:3,0
DA:6,0
DA:8,0
DA:10,0
DA:12,0
DA:14,0
DA:19,0
DA:25,0
DA:30,0
DA:31,0
DA:35,0
DA:36,0
DA:40,0
DA:43,0
DA:44,0
DA:48,0
DA:49,0
DA:53,0
DA:54,0
DA:55,0
DA:56,0
DA:60,0
DA:61,0
DA:65,0
DA:68,0
DA:69,0
DA:72,0
DA:75,0
DA:81,0
LF:29
LH:0
BRDA:16,0,0,0
BRDA:16,0,1,0
BRDA:26,1,0,0
BRDA:26,1,1,0
BRF:4
BRH:0
end_of_record
TN:
SF:functions/builds/turn/infra/graphql/schema/query.js
FN:22,(anonymous_0)
FNF:1
FNH:0
FNDA:0,(anonymous_0)
DA:3,0
DA:6,0
DA:8,0
DA:10,0
DA:12,0
DA:14,0
DA:28,0
DA:31,0
DA:35,0
DA:39,0
LF:10
LH:0
BRF:0
BRH:0
end_of_record
TN:
SF:functions/builds/turn/infra/graphql/schema/mutations/define-clue.js
FN:23,(anonymous_0)
FN:40,(anonymous_1)
FN:44,(anonymous_2)
FN:63,(anonymous_3)
FN:74,(anonymous_4)
FN:76,(anonymous_5)
FN:87,(anonymous_6)
FNF:7
FNH:0
FNDA:0,(anonymous_0)
FNDA:0,(anonymous_1)
FNDA:0,(anonymous_2)
FNDA:0,(anonymous_3)
FNDA:0,(anonymous_4)
FNDA:0,(anonymous_5)
FNDA:0,(anonymous_6)
DA:3,0
DA:6,0
DA:8,0
DA:10,0
DA:12,0
DA:14,0
DA:16,0
DA:18,0
DA:20,0
DA:24,0
DA:27,0
DA:30,0
DA:36,0
DA:37,0
DA:41,0
DA:47,0
DA:54,0
DA:55,0
DA:59,0
DA:60,0
DA:64,0
DA:70,0
DA:71,0
DA:75,0
DA:76,0
DA:80,0
DA:81,0
DA:94,0
DA:101,0
DA:102,0
DA:108,0
DA:115,0
LF:32
LH:0
BRDA:76,0,0,0
BRDA:76,0,1,0
BRF:2
BRH:0
end_of_record
TN:
SF:functions/builds/turn/infra/graphql/schema/mutations/index.js
FN:9,(anonymous_0)
FN:13,(anonymous_1)
FNF:2
FNH:0
FNDA:0,(anonymous_0)
FNDA:0,(anonymous_1)
DA:3,0
DA:7,0
DA:9,0
DA:10,0
DA:11,0
DA:14,0
LF:6
LH:0
BRDA:10,0,0,0
BRDA:10,0,1,0
BRDA:10,1,0,0
BRDA:10,1,1,0
BRF:4
BRH:0
end_of_record
TN:
SF:functions/builds/turn/repos/turn-repository.js
FN:13,(anonymous_0)
FN:22,(anonymous_1)
FN:27,(anonymous_2)
FN:31,(anonymous_3)
FN:33,(anonymous_4)
FN:41,(anonymous_5)
FN:42,(anonymous_6)
FN:48,(anonymous_7)
FN:62,(anonymous_8)
FN:74,(anonymous_9)
FN:74,(anonymous_10)
FN:76,(anonymous_11)
FN:79,(anonymous_12)
FN:83,(anonymous_13)
FN:85,(anonymous_14)
FN:87,(anonymous_15)
FN:89,(anonymous_16)
FN:93,(anonymous_17)
FN:94,(anonymous_18)
FN:96,(anonymous_19)
FN:109,(anonymous_20)
FNF:21
FNH:0
FNDA:0,(anonymous_0)
FNDA:0,(anonymous_1)
FNDA:0,(anonymous_2)
FNDA:0,(anonymous_3)
FNDA:0,(anonymous_4)
FNDA:0,(anonymous_5)
FNDA:0,(anonymous_6)
FNDA:0,(anonymous_7)
FNDA:0,(anonymous_8)
FNDA:0,(anonymous_9)
FNDA:0,(anonymous_10)
FNDA:0,(anonymous_11)
FNDA:0,(anonymous_12)
FNDA:0,(anonymous_13)
FNDA:0,(anonymous_14)
FNDA:0,(anonymous_15)
FNDA:0,(anonymous_16)
FNDA:0,(anonymous_17)
FNDA:0,(anonymous_18)
FNDA:0,(anonymous_19)
FNDA:0,(anonymous_20)
DA:3,0
DA:6,0
DA:8,0
DA:10,0
DA:14,0
DA:15,0
DA:20,0
DA:22,0
DA:26,0
DA:28,0
DA:32,0
DA:33,0
DA:34,0
DA:42,0
DA:43,0
DA:44,0
DA:47,0
DA:48,0
DA:49,0
DA:50,0
DA:52,0
DA:54,0
DA:60,0
DA:62,0
DA:65,0
DA:72,0
DA:74,0
DA:76,0
DA:79,0
DA:82,0
DA:84,0
DA:86,0
DA:88,0
DA:90,0
DA:94,0
DA:95,0
DA:97,0
DA:112,0
DA:113,0
LF:39
LH:0
BRDA:23,0,0,0
BRDA:31,1,0,0
BRDA:43,2,0,0
BRDA:43,2,1,0
BRDA:62,3,0,0
BRDA:64,4,0,0
BRDA:76,5,0,0
BRDA:77,6,0,0
BRDA:112,7,0,0
BRDA:112,7,1,0
BRF:10
BRH:0
end_of_record
TN:
SF:functions/builds/turn/useCases/define-clue.js
FN:10,(anonymous_0)
FN:12,(anonymous_1)
FNF:2
FNH:0
FNDA:0,(anonymous_0)
FNDA:0,(anonymous_1)
DA:3,0
DA:6,0
DA:8,0
DA:10,0
DA:12,0
DA:18,0
DA:19,0
DA:25,0
DA:26,0
DA:29,0
DA:32,0
LF:11
LH:0
BRDA:25,0,0,0
BRDA:25,0,1,0
BRF:2
BRH:0
end_of_record
TN:
SF:functions/builds/turn/useCases/get-turn-phase.js
FN:10,(anonymous_0)
FN:12,(anonymous_1)
FNF:2
FNH:0
FNDA:0,(anonymous_0)
FNDA:0,(anonymous_1)
DA:3,0
DA:6,0
DA:8,0
DA:10,0
DA:12,0
DA:16,0
DA:17,0
DA:20,0
LF:8
LH:0
BRF:0
BRH:0
end_of_record
TN:
SF:functions/builds/turn/useCases/start-new-turn.js
FN:10,(anonymous_0)
FN:12,(anonymous_1)
FNF:2
FNH:0
FNDA:0,(anonymous_0)
FNDA:0,(anonymous_1)
DA:3,0
DA:6,0
DA:8,0
DA:10,0
DA:12,0
DA:16,0
DA:17,0
DA:24,0
LF:8
LH:0
BRF:0
BRH:0
end_of_record
TN:
SF:functions/builds/users/graphql-express-authorization-service.js
FN:10,(anonymous_0)
FN:14,(anonymous_1)
FN:20,(anonymous_2)
FN:28,(anonymous_3)
FN:28,(anonymous_4)
FN:30,(anonymous_5)
FN:36,(anonymous_6)
FN:49,(anonymous_7)
FN:58,(anonymous_8)
FN:67,(anonymous_9)
FNF:10
FNH:0
FNDA:0,(anonymous_0)
FNDA:0,(anonymous_1)
FNDA:0,(anonymous_2)
FNDA:0,(anonymous_3)
FNDA:0,(anonymous_4)
FNDA:0,(anonymous_5)
FNDA:0,(anonymous_6)
FNDA:0,(anonymous_7)
FNDA:0,(anonymous_8)
FNDA:0,(anonymous_9)
DA:3,0
DA:6,0
DA:8,0
DA:10,0
DA:13,0
DA:15,0
DA:21,0
DA:28,0
DA:30,0
DA:35,0
DA:37,0
DA:38,0
DA:41,0
DA:42,0
DA:43,0
DA:50,0
DA:56,0
DA:58,0
DA:62,0
DA:67,0
DA:72,0
LF:21
LH:0
BRDA:10,0,0,0
BRDA:30,1,0,0
BRDA:31,2,0,0
BRDA:32,3,0,0
BRF:4
BRH:0
end_of_record
TN:
SF:functions/builds/users/index.js
FN:9,(anonymous_0)
FN:13,(anonymous_1)
FNF:2
FNH:0
FNDA:0,(anonymous_0)
FNDA:0,(anonymous_1)
DA:3,0
DA:7,0
DA:9,0
DA:10,0
DA:11,0
DA:14,0
LF:6
LH:0
BRDA:10,0,0,0
BRDA:10,0,1,0
BRDA:10,1,0,0
BRDA:10,1,1,0
BRF:4
BRH:0
end_of_record
TN:
SF:functions/builds/users/request.js
FN:8,(anonymous_0)
FN:11,(anonymous_1)
FN:19,(anonymous_2)
FNF:3
FNH:0
FNDA:0,(anonymous_0)
FNDA:0,(anonymous_1)
FNDA:0,(anonymous_2)
DA:3,0
DA:6,0
DA:8,0
DA:10,0
DA:12,0
DA:17,0
DA:19,0
DA:21,0
DA:27,0
LF:9
LH:0
BRDA:8,0,0,0
BRDA:19,1,0,0
BRF:2
BRH:0
end_of_record
TN:
SF:packages/decks/build/index.js
FN:9,(anonymous_0)
FN:13,(anonymous_1)
FNF:2
FNH:0
FNDA:0,(anonymous_0)
FNDA:0,(anonymous_1)
DA:3,0
DA:7,0
DA:9,0
DA:10,0
DA:11,0
DA:14,0
LF:6
LH:0
BRDA:10,0,0,0
BRDA:10,0,1,0
BRDA:10,1,0,0
BRDA:10,1,1,0
BRF:4
BRH:0
end_of_record
TN:
SF:packages/decks/build/repos/deck-repository.js
FN:8,(anonymous_0)
FN:12,(anonymous_1)
FN:22,(anonymous_2)
FN:30,(anonymous_3)
FN:33,(anonymous_4)
FN:35,(anonymous_5)
FN:37,(anonymous_6)
FN:39,(anonymous_7)
FNF:8
FNH:0
FNDA:0,(anonymous_0)
FNDA:0,(anonymous_1)
FNDA:0,(anonymous_2)
FNDA:0,(anonymous_3)
FNDA:0,(anonymous_4)
FNDA:0,(anonymous_5)
FNDA:0,(anonymous_6)
FNDA:0,(anonymous_7)
DA:3,0
DA:6,0
DA:8,0
DA:11,0
DA:13,0
DA:14,0
DA:20,0
DA:22,0
DA:24,0
DA:28,0
DA:30,0
DA:31,0
DA:32,0
DA:34,0
DA:36,0
DA:38,0
DA:40,0
LF:17
LH:0
BRDA:8,0,0,0
BRDA:22,1,0,0
BRDA:30,2,0,0
BRF:3
BRH:0
end_of_record
TN:
SF:packages/decks/build/repos/index.js
FN:9,(anonymous_0)
FN:13,(anonymous_1)
FNF:2
FNH:0
FNDA:0,(anonymous_0)
FNDA:0,(anonymous_1)
DA:3,0
DA:7,0
DA:9,0
DA:10,0
DA:11,0
DA:14,0
LF:6
LH:0
BRDA:10,0,0,0
BRDA:10,0,1,0
BRDA:10,1,0,0
BRDA:10,1,1,0
BRF:4
BRH:0
end_of_record
TN:
SF:packages/decks/src/index.js
FNF:0
FNH:0
LF:0
LH:0
BRF:0
BRH:0
end_of_record
TN:
SF:packages/decks/src/repos/deck-repository.js
FN:1,(anonymous_0)
FN:3,(anonymous_1)
FN:13,(anonymous_2)
FN:16,(anonymous_3)
FN:19,(anonymous_4)
FN:21,(anonymous_5)
FN:23,(anonymous_6)
FN:25,(anonymous_7)
FNF:8
FNH:8
FNDA:2,(anonymous_0)
FNDA:2,(anonymous_1)
FNDA:1,(anonymous_2)
FNDA:1,(anonymous_3)
FNDA:1,(anonymous_4)
FNDA:1,(anonymous_5)
FNDA:1,(anonymous_6)
FNDA:1,(anonymous_7)
DA:1,1
DA:2,2
DA:4,2
DA:8,2
DA:13,1
DA:14,1
DA:16,1
DA:17,1
DA:18,1
DA:20,1
DA:22,1
DA:24,1
DA:26,1
LF:13
LH:13
BRDA:1,0,0,0
BRDA:13,1,0,0
BRDA:16,2,0,0
BRF:3
BRH:0
end_of_record
TN:
SF:packages/decks/src/repos/index.js
FNF:0
FNH:0
LF:0
LH:0
BRF:0
BRH:0
end_of_record
TN:
SF:packages/game/build/index.js
FN:8,(anonymous_0)
FN:14,(anonymous_1)
FN:28,_getRequireWildcardCache
FN:28,(anonymous_3)
FN:30,_interopRequireWildcard
FNF:5
FNH:0
FNDA:0,(anonymous_0)
FNDA:0,(anonymous_1)
FNDA:0,_getRequireWildcardCache
FNDA:0,(anonymous_3)
FNDA:0,_interopRequireWildcard
DA:3,0
DA:6,0
DA:9,0
DA:12,0
DA:15,0
DA:18,0
DA:20,0
DA:22,0
DA:24,0
DA:26,0
DA:28,0
DA:30,0
LF:12
LH:0
BRDA:28,0,0,0
BRDA:28,0,1,0
BRDA:30,1,0,0
BRDA:30,1,1,0
BRDA:30,2,0,0
BRDA:30,2,1,0
BRDA:30,3,0,0
BRDA:30,3,1,0
BRDA:30,4,0,0
BRDA:30,4,1,0
BRDA:30,4,2,0
BRDA:30,5,0,0
BRDA:30,5,1,0
BRDA:30,6,0,0
BRDA:30,6,1,0
BRDA:30,7,0,0
BRDA:30,7,1,0
BRDA:30,8,0,0
BRDA:30,8,1,0
BRDA:30,9,0,0
BRDA:30,9,1,0
BRDA:30,10,0,0
BRDA:30,10,1,0
BRDA:30,11,0,0
BRDA:30,11,1,0
BRDA:30,11,2,0
BRDA:30,12,0,0
BRDA:30,12,1,0
BRF:28
BRH:0
end_of_record
TN:
SF:packages/game/build/domain/events.js
FN:8,(anonymous_0)
FN:19,(anonymous_1)
FN:32,(anonymous_2)
FNF:3
FNH:0
FNDA:0,(anonymous_0)
FNDA:0,(anonymous_1)
FNDA:0,(anonymous_2)
DA:3,0
DA:6,0
DA:8,0
DA:10,0
DA:17,0
DA:19,0
DA:22,0
DA:30,0
DA:32,0
DA:35,0
DA:43,0
LF:11
LH:0
BRF:0
BRH:0
end_of_record
TN:
SF:packages/game/build/domain/game.js
FN:31,(anonymous_0)
FN:48,(anonymous_1)
FN:52,(anonymous_2)
FN:54,(anonymous_3)
FN:66,(anonymous_4)
FN:79,(anonymous_5)
FN:87,(anonymous_6)
FNF:7
FNH:0
FNDA:0,(anonymous_0)
FNDA:0,(anonymous_1)
FNDA:0,(anonymous_2)
FNDA:0,(anonymous_3)
FNDA:0,(anonymous_4)
FNDA:0,(anonymous_5)
FNDA:0,(anonymous_6)
DA:3,0
DA:6,0
DA:8,0
DA:10,0
DA:12,0
DA:15,0
DA:18,0
DA:19,0
DA:25,0
DA:26,0
DA:27,0
DA:28,0
DA:29,0
DA:31,0
DA:36,0
DA:37,0
DA:38,0
DA:46,0
DA:48,0
DA:50,0
DA:52,0
DA:54,0
DA:57,0
DA:64,0
DA:66,0
DA:67,0
DA:68,0
DA:69,0
DA:77,0
DA:79,0
DA:80,0
DA:81,0
DA:84,0
DA:85,0
DA:89,0
DA:93,0
DA:96,0
LF:37
LH:0
BRDA:31,0,0,0
BRDA:34,1,0,0
BRDA:36,2,0,0
BRDA:36,2,1,0
BRDA:37,3,0,0
BRDA:37,3,1,0
BRDA:67,4,0,0
BRDA:67,4,1,0
BRDA:68,5,0,0
BRDA:68,5,1,0
BRDA:80,6,0,0
BRDA:80,6,1,0
BRDA:84,7,0,0
BRDA:84,7,1,0
BRF:14
BRH:0
end_of_record
TN:
SF:packages/game/build/domain/player.js
FN:8,(anonymous_0)
FN:22,(anonymous_1)
FNF:2
FNH:0
FNDA:0,(anonymous_0)
FNDA:0,(anonymous_1)
DA:3,0
DA:6,0
DA:8,0
DA:12,0
DA:13,0
DA:14,0
DA:20,0
DA:22,0
DA:24,0
LF:9
LH:0
BRDA:8,0,0,0
BRDA:12,1,0,0
BRDA:12,1,1,0
BRDA:13,2,0,0
BRDA:13,2,1,0
BRF:5
BRH:0
end_of_record
TN:
SF:packages/game/build/domain/result.js
FN:8,(anonymous_0)
FN:15,(anonymous_1)
FNF:2
FNH:0
FNDA:0,(anonymous_0)
FNDA:0,(anonymous_1)
DA:3,0
DA:6,0
DA:8,0
DA:13,0
DA:15,0
DA:20,0
LF:6
LH:0
BRDA:8,0,0,0
BRF:1
BRH:0
end_of_record
TN:
SF:packages/game/build/infra/graphql/get-context.js
FN:8,(anonymous_0)
FN:11,(anonymous_1)
FNF:2
FNH:0
FNDA:0,(anonymous_0)
FNDA:0,(anonymous_1)
DA:3,0
DA:6,0
DA:8,0
DA:11,0
DA:16,0
LF:5
LH:0
BRDA:8,0,0,0
BRF:1
BRH:0
end_of_record
TN:
SF:packages/game/build/infra/graphql/get-data-sources.js
FN:10,(anonymous_0)
FN:12,(anonymous_1)
FNF:2
FNH:0
FNDA:0,(anonymous_0)
FNDA:0,(anonymous_1)
DA:3,0
DA:6,0
DA:8,0
DA:10,0
DA:12,0
DA:16,0
LF:6
LH:0
BRDA:10,0,0,0
BRDA:11,1,0,0
BRF:2
BRH:0
end_of_record
TN:
SF:packages/game/build/infra/graphql/handle-use-case-result.js
FN:8,(anonymous_0)
FN:11,(anonymous_1)
FNF:2
FNH:0
FNDA:0,(anonymous_0)
FNDA:0,(anonymous_1)
DA:3,0
DA:6,0
DA:8,0
DA:11,0
DA:12,0
DA:13,0
DA:18,0
DA:19,0
DA:24,0
LF:9
LH:0
BRDA:12,0,0,0
BRDA:12,0,1,0
BRF:2
BRH:0
end_of_record
TN:
SF:packages/game/build/infra/graphql/schema/game.js
FN:17,(anonymous_0)
FN:25,(anonymous_1)
FNF:2
FNH:0
FNDA:0,(anonymous_0)
FNDA:0,(anonymous_1)
DA:3,0
DA:6,0
DA:8,0
DA:10,0
DA:12,0
DA:14,0
DA:18,0
DA:19,0
DA:22,0
DA:26,0
DA:33,0
LF:11
LH:0
BRF:0
BRH:0
end_of_record
TN:
SF:packages/game/build/infra/graphql/schema/index.js
FN:9,(anonymous_0)
FN:13,(anonymous_1)
FN:21,(anonymous_2)
FN:25,(anonymous_3)
FN:33,(anonymous_4)
FN:37,(anonymous_5)
FN:45,(anonymous_6)
FN:49,(anonymous_7)
FNF:8
FNH:0
FNDA:0,(anonymous_0)
FNDA:0,(anonymous_1)
FNDA:0,(anonymous_2)
FNDA:0,(anonymous_3)
FNDA:0,(anonymous_4)
FNDA:0,(anonymous_5)
FNDA:0,(anonymous_6)
FNDA:0,(anonymous_7)
DA:3,0
DA:7,0
DA:9,0
DA:10,0
DA:11,0
DA:14,0
DA:19,0
DA:21,0
DA:22,0
DA:23,0
DA:26,0
DA:31,0
DA:33,0
DA:34,0
DA:35,0
DA:38,0
DA:43,0
DA:45,0
DA:46,0
DA:47,0
DA:50,0
LF:21
LH:0
BRDA:10,0,0,0
BRDA:10,0,1,0
BRDA:10,1,0,0
BRDA:10,1,1,0
BRDA:22,2,0,0
BRDA:22,2,1,0
BRDA:22,3,0,0
BRDA:22,3,1,0
BRDA:34,4,0,0
BRDA:34,4,1,0
BRDA:34,5,0,0
BRDA:34,5,1,0
BRDA:46,6,0,0
BRDA:46,6,1,0
BRDA:46,7,0,0
BRDA:46,7,1,0
BRF:16
BRH:0
end_of_record
TN:
SF:packages/game/build/infra/graphql/schema/player.js
FN:13,(anonymous_0)
FNF:1
FNH:0
FNDA:0,(anonymous_0)
DA:3,0
DA:6,0
DA:8,0
DA:10,0
DA:14,0
DA:15,0
DA:19,0
LF:7
LH:0
BRF:0
BRH:0
end_of_record
TN:
SF:packages/game/build/infra/graphql/schema/query.js
FN:18,(anonymous_0)
FNF:1
FNH:0
FNDA:0,(anonymous_0)
DA:3,0
DA:6,0
DA:8,0
DA:10,0
DA:12,0
DA:14,0
DA:21,0
DA:24,0
DA:28,0
LF:9
LH:0
BRF:0
BRH:0
end_of_record
TN:
SF:packages/game/build/infra/graphql/schema/mutations/create-game.js
FN:21,(anonymous_0)
FN:32,(anonymous_1)
FNF:2
FNH:0
FNDA:0,(anonymous_0)
FNDA:0,(anonymous_1)
DA:3,0
DA:6,0
DA:8,0
DA:10,0
DA:12,0
DA:14,0
DA:16,0
DA:18,0
DA:22,0
DA:28,0
DA:29,0
DA:37,0
DA:40,0
DA:44,0
DA:48,0
DA:52,0
LF:16
LH:0
BRF:0
BRH:0
end_of_record
TN:
SF:packages/game/build/infra/graphql/schema/mutations/index.js
FN:9,(anonymous_0)
FN:13,(anonymous_1)
FN:21,(anonymous_2)
FN:25,(anonymous_3)
FN:33,(anonymous_4)
FN:37,(anonymous_5)
FNF:6
FNH:0
FNDA:0,(anonymous_0)
FNDA:0,(anonymous_1)
FNDA:0,(anonymous_2)
FNDA:0,(anonymous_3)
FNDA:0,(anonymous_4)
FNDA:0,(anonymous_5)
DA:3,0
DA:7,0
DA:9,0
DA:10,0
DA:11,0
DA:14,0
DA:19,0
DA:21,0
DA:22,0
DA:23,0
DA:26,0
DA:31,0
DA:33,0
DA:34,0
DA:35,0
DA:38,0
LF:16
LH:0
BRDA:10,0,0,0
BRDA:10,0,1,0
BRDA:10,1,0,0
BRDA:10,1,1,0
BRDA:22,2,0,0
BRDA:22,2,1,0
BRDA:22,3,0,0
BRDA:22,3,1,0
BRDA:34,4,0,0
BRDA:34,4,1,0
BRDA:34,5,0,0
BRDA:34,5,1,0
BRF:12
BRH:0
end_of_record
TN:
SF:packages/game/build/infra/graphql/schema/mutations/join-game.js
FN:21,(anonymous_0)
FN:32,(anonymous_1)
FN:48,(anonymous_2)
FN:59,(anonymous_3)
FN:61,(anonymous_4)
FN:72,(anonymous_5)
FNF:6
FNH:0
FNDA:0,(anonymous_0)
FNDA:0,(anonymous_1)
FNDA:0,(anonymous_2)
FNDA:0,(anonymous_3)
FNDA:0,(anonymous_4)
FNDA:0,(anonymous_5)
DA:3,0
DA:6,0
DA:8,0
DA:10,0
DA:12,0
DA:14,0
DA:16,0
DA:18,0
DA:22,0
DA:28,0
DA:29,0
DA:33,0
DA:39,0
DA:40,0
DA:44,0
DA:45,0
DA:49,0
DA:55,0
DA:56,0
DA:60,0
DA:61,0
DA:65,0
DA:66,0
DA:81,0
DA:82,0
DA:85,0
DA:89,0
DA:93,0
DA:97,0
LF:29
LH:0
BRDA:61,0,0,0
BRDA:61,0,1,0
BRF:2
BRH:0
end_of_record
TN:
SF:packages/game/build/infra/graphql/schema/mutations/start-game.js
FN:19,(anonymous_0)
FN:30,(anonymous_1)
FN:44,(anonymous_2)
FN:55,(anonymous_3)
FN:57,(anonymous_4)
FN:68,(anonymous_5)
FNF:6
FNH:0
FNDA:0,(anonymous_0)
FNDA:0,(anonymous_1)
FNDA:0,(anonymous_2)
FNDA:0,(anonymous_3)
FNDA:0,(anonymous_4)
FNDA:0,(anonymous_5)
DA:3,0
DA:6,0
DA:8,0
DA:10,0
DA:12,0
DA:14,0
DA:16,0
DA:20,0
DA:26,0
DA:27,0
DA:31,0
DA:35,0
DA:36,0
DA:40,0
DA:41,0
DA:45,0
DA:51,0
DA:52,0
DA:56,0
DA:57,0
DA:61,0
DA:62,0
DA:77,0
DA:80,0
DA:81,0
DA:85,0
DA:88,0
DA:92,0
DA:96,0
LF:29
LH:0
BRDA:57,0,0,0
BRDA:57,0,1,0
BRF:2
BRH:0
end_of_record
TN:
SF:packages/game/build/repos/game-repository.js
FN:13,(anonymous_0)
FN:22,(anonymous_1)
FN:28,(anonymous_2)
FN:32,(anonymous_3)
FN:36,(anonymous_4)
FN:46,(anonymous_5)
FN:47,(anonymous_6)
FN:49,(anonymous_7)
FN:54,(anonymous_8)
FN:63,(anonymous_9)
FN:73,(anonymous_10)
FN:73,(anonymous_11)
FN:75,(anonymous_12)
FN:79,(anonymous_13)
FN:81,(anonymous_14)
FN:83,(anonymous_15)
FN:85,(anonymous_16)
FN:93,(anonymous_17)
FN:97,(anonymous_18)
FN:104,(anonymous_19)
FN:105,(anonymous_20)
FN:106,(anonymous_21)
FNF:22
FNH:0
FNDA:0,(anonymous_0)
FNDA:0,(anonymous_1)
FNDA:0,(anonymous_2)
FNDA:0,(anonymous_3)
FNDA:0,(anonymous_4)
FNDA:0,(anonymous_5)
FNDA:0,(anonymous_6)
FNDA:0,(anonymous_7)
FNDA:0,(anonymous_8)
FNDA:0,(anonymous_9)
FNDA:0,(anonymous_10)
FNDA:0,(anonymous_11)
FNDA:0,(anonymous_12)
FNDA:0,(anonymous_13)
FNDA:0,(anonymous_14)
FNDA:0,(anonymous_15)
FNDA:0,(anonymous_16)
FNDA:0,(anonymous_17)
FNDA:0,(anonymous_18)
FNDA:0,(anonymous_19)
FNDA:0,(anonymous_20)
FNDA:0,(anonymous_21)
DA:3,0
DA:6,0
DA:8,0
DA:10,0
DA:14,0
DA:15,0
DA:20,0
DA:22,0
DA:26,0
DA:27,0
DA:29,0
DA:33,0
DA:37,0
DA:39,0
DA:40,0
DA:43,0
DA:47,0
DA:48,0
DA:49,0
DA:50,0
DA:55,0
DA:61,0
DA:63,0
DA:66,0
DA:71,0
DA:73,0
DA:75,0
DA:76,0
DA:78,0
DA:80,0
DA:82,0
DA:84,0
DA:86,0
DA:94,0
DA:98,0
DA:105,0
DA:107,0
DA:111,0
LF:38
LH:0
BRDA:22,0,0,0
BRDA:23,1,0,0
BRDA:24,2,0,0
BRDA:39,3,0,0
BRDA:39,3,1,0
BRDA:75,4,0,0
BRF:6
BRH:0
end_of_record
TN:
SF:packages/game/build/repos/index.js
FN:9,(anonymous_0)
FN:13,(anonymous_1)
FNF:2
FNH:0
FNDA:0,(anonymous_0)
FNDA:0,(anonymous_1)
DA:3,0
DA:7,0
DA:9,0
DA:10,0
DA:11,0
DA:14,0
LF:6
LH:0
BRDA:10,0,0,0
BRDA:10,0,1,0
BRDA:10,1,0,0
BRDA:10,1,1,0
BRF:4
BRH:0
end_of_record
TN:
SF:packages/game/build/useCases/create-new-game.js
FN:10,(anonymous_0)
FN:12,(anonymous_1)
FNF:2
FNH:0
FNDA:0,(anonymous_0)
FNDA:0,(anonymous_1)
DA:3,0
DA:6,0
DA:8,0
DA:10,0
DA:12,0
DA:13,0
DA:14,0
DA:19,0
DA:20,0
DA:23,0
DA:26,0
LF:11
LH:0
BRDA:19,0,0,0
BRDA:19,0,1,0
BRF:2
BRH:0
end_of_record
TN:
SF:packages/game/build/useCases/get-games.js
FN:8,(anonymous_0)
FN:10,(anonymous_1)
FNF:2
FNH:0
FNDA:0,(anonymous_0)
FNDA:0,(anonymous_1)
DA:3,0
DA:6,0
DA:8,0
DA:10,0
DA:12,0
LF:5
LH:0
BRF:0
BRH:0
end_of_record
TN:
SF:packages/game/build/useCases/join-game.js
FN:12,(anonymous_0)
FN:14,(anonymous_1)
FNF:2
FNH:0
FNDA:0,(anonymous_0)
FNDA:0,(anonymous_1)
DA:3,0
DA:6,0
DA:8,0
DA:10,0
DA:12,0
DA:14,0
DA:18,0
DA:19,0
DA:23,0
DA:24,0
DA:27,0
LF:11
LH:0
BRDA:23,0,0,0
BRDA:23,0,1,0
BRF:2
BRH:0
end_of_record
TN:
SF:packages/game/build/useCases/start-game.js
FN:12,(anonymous_0)
FN:15,(anonymous_1)
FNF:2
FNH:0
FNDA:0,(anonymous_0)
FNDA:0,(anonymous_1)
DA:3,0
DA:6,0
DA:8,0
DA:10,0
DA:12,0
DA:15,0
DA:18,0
DA:22,0
DA:23,0
DA:25,0
DA:26,0
DA:29,0
DA:32,0
LF:13
LH:0
BRDA:25,0,0,0
BRDA:25,0,1,0
BRF:2
BRH:0
end_of_record
TN:
SF:packages/game/src/index.js
FNF:0
FNH:0
LF:0
LH:0
BRF:0
BRH:0
end_of_record
TN:
SF:packages/game/src/domain/events.js
FN:1,(anonymous_0)
FN:8,(anonymous_1)
FN:16,(anonymous_2)
FNF:3
FNH:3
FNDA:5,(anonymous_0)
FNDA:5,(anonymous_1)
FNDA:5,(anonymous_2)
DA:1,7
DA:8,7
DA:16,7
LF:3
LH:3
BRF:0
BRH:0
end_of_record
TN:
SF:packages/game/src/domain/game.js
FN:20,(anonymous_0)
FN:32,(anonymous_1)
FN:34,(anonymous_2)
FN:36,(anonymous_3)
FN:39,(anonymous_4)
FN:47,(anonymous_5)
FN:53,(anonymous_6)
FNF:7
FNH:7
FNDA:62,(anonymous_0)
FNDA:22,(anonymous_1)
FNDA:4,(anonymous_2)
FNDA:2,(anonymous_3)
FNDA:7,(anonymous_4)
FNDA:6,(anonymous_5)
FNDA:8,(anonymous_6)
DA:6,6
DA:10,6
DA:17,6
DA:18,6
DA:20,6
DA:21,62
DA:22,61
DA:24,60
DA:32,22
DA:34,6
DA:36,6
DA:37,2
DA:39,6
DA:40,7
DA:41,4
DA:42,2
DA:47,6
DA:48,6
DA:49,2
DA:51,4
DA:52,2
DA:53,8
DA:56,2
LF:23
LH:23
BRDA:20,0,0,0
BRDA:20,1,0,6
BRDA:21,2,0,1
BRDA:21,2,1,61
BRDA:22,3,0,1
BRDA:22,3,1,60
BRDA:40,4,0,3
BRDA:40,4,1,4
BRDA:41,5,0,2
BRDA:41,5,1,2
BRDA:48,6,0,2
BRDA:48,6,1,4
BRDA:51,7,0,2
BRDA:51,7,1,2
BRF:14
BRH:13
end_of_record
TN:
SF:packages/game/src/domain/player.js
FN:1,(anonymous_0)
FN:7,(anonymous_1)
FNF:2
FNH:2
FNDA:85,(anonymous_0)
FNDA:24,(anonymous_1)
DA:1,7
DA:2,85
DA:3,84
DA:4,83
DA:7,24
LF:5
LH:5
BRDA:1,0,0,0
BRDA:2,1,0,1
BRDA:2,1,1,84
BRDA:3,2,0,1
BRDA:3,2,1,83
BRF:5
BRH:4
end_of_record
TN:
SF:packages/game/src/domain/result.js
FN:1,(anonymous_0)
FN:6,(anonymous_1)
FNF:2
FNH:2
FNDA:8,(anonymous_0)
FNDA:10,(anonymous_1)
DA:1,8
DA:6,10
LF:2
LH:2
BRDA:1,0,0,1
BRF:1
BRH:1
end_of_record
TN:
SF:packages/game/src/infra/graphql/get-context.js
FN:1,(anonymous_0)
FN:1,(anonymous_1)
FNF:2
FNH:2
FNDA:9,(anonymous_0)
FNDA:9,(anonymous_1)
DA:1,9
LF:1
LH:1
BRDA:1,0,0,0
BRF:1
BRH:0
end_of_record
TN:
SF:packages/game/src/infra/graphql/get-data-sources.js
FN:3,(anonymous_0)
FN:3,(anonymous_1)
FNF:2
FNH:2
FNDA:8,(anonymous_0)
FNDA:8,(anonymous_1)
DA:3,8
LF:1
LH:1
BRDA:3,0,0,0
BRDA:3,1,0,0
BRF:2
BRH:0
end_of_record
TN:
SF:packages/game/src/infra/graphql/handle-use-case-result.js
FN:1,(anonymous_0)
FN:1,(anonymous_1)
FNF:2
FNH:2
FNDA:7,(anonymous_0)
FNDA:7,(anonymous_1)
DA:1,7
DA:2,7
DA:3,4
DA:7,3
DA:8,3
LF:5
LH:5
BRDA:2,0,0,4
BRDA:2,0,1,3
BRF:2
BRH:2
end_of_record
TN:
SF:packages/game/src/infra/graphql/schema/game.js
FN:7,(anonymous_0)
FN:12,(anonymous_1)
FNF:2
FNH:2
FNDA:8,(anonymous_0)
FNDA:1,(anonymous_1)
DA:5,4
DA:8,8
DA:9,8
DA:10,8
DA:13,1
LF:5
LH:5
BRF:0
BRH:0
end_of_record
TN:
SF:packages/game/src/infra/graphql/schema/index.js
FNF:0
FNH:0
LF:0
LH:0
BRF:0
BRH:0
end_of_record
TN:
SF:packages/game/src/infra/graphql/schema/player.js
FN:5,(anonymous_0)
FNF:1
FNH:1
FNDA:8,(anonymous_0)
DA:3,4
DA:6,8
DA:7,8
LF:3
LH:3
BRF:0
BRH:0
end_of_record
TN:
SF:packages/game/src/infra/graphql/schema/query.js
FN:8,(anonymous_0)
FNF:1
FNH:1
FNDA:1,(anonymous_0)
DA:5,4
DA:9,1
DA:10,1
LF:3
LH:3
BRF:0
BRH:0
end_of_record
TN:
SF:packages/game/src/infra/graphql/schema/mutations/create-game.js
FN:9,(anonymous_0)
FN:18,(anonymous_1)
FNF:2
FNH:2
FNDA:8,(anonymous_0)
FNDA:1,(anonymous_1)
DA:7,4
DA:10,8
DA:16,4
DA:19,1
DA:20,1
DA:21,1
DA:22,1
LF:7
LH:7
BRF:0
BRH:0
end_of_record
TN:
SF:packages/game/src/infra/graphql/schema/mutations/index.js
FNF:0
FNH:0
LF:0
LH:0
BRF:0
BRH:0
end_of_record
TN:
SF:packages/game/src/infra/graphql/schema/mutations/join-game.js
FN:9,(anonymous_0)
FN:16,(anonymous_1)
FN:28,(anonymous_2)
FN:37,(anonymous_3)
FN:39,(anonymous_4)
FN:48,(anonymous_5)
FNF:6
FNH:6
FNDA:8,(anonymous_0)
FNDA:8,(anonymous_1)
FNDA:8,(anonymous_2)
FNDA:4,(anonymous_3)
FNDA:3,(anonymous_4)
FNDA:3,(anonymous_5)
DA:7,4
DA:10,8
DA:14,4
DA:17,8
DA:21,4
DA:26,4
DA:29,8
DA:35,4
DA:38,4
DA:39,4
DA:43,4
DA:49,3
DA:50,3
DA:51,3
DA:52,3
DA:53,3
LF:16
LH:16
BRDA:39,0,0,1
BRDA:39,0,1,2
BRF:2
BRH:2
end_of_record
TN:
SF:packages/game/src/infra/graphql/schema/mutations/start-game.js
FN:8,(anonymous_0)
FN:15,(anonymous_1)
FN:27,(anonymous_2)
FN:36,(anonymous_3)
FN:38,(anonymous_4)
FN:47,(anonymous_5)
FNF:6
FNH:6
FNDA:8,(anonymous_0)
FNDA:8,(anonymous_1)
FNDA:8,(anonymous_2)
FNDA:4,(anonymous_3)
FNDA:3,(anonymous_4)
FNDA:3,(anonymous_5)
DA:6,4
DA:9,8
DA:13,4
DA:16,8
DA:20,4
DA:25,4
DA:28,8
DA:34,4
DA:37,4
DA:38,4
DA:42,4
DA:48,3
DA:49,3
DA:50,3
DA:51,3
DA:52,3
DA:53,3
LF:17
LH:17
BRDA:38,0,0,1
BRDA:38,0,1,2
BRF:2
BRH:2
end_of_record
TN:
SF:packages/game/src/repos/game-repository.js
FN:5,(anonymous_0)
FN:11,(anonymous_1)
FN:14,(anonymous_2)
FN:17,(anonymous_3)
FN:20,(anonymous_4)
FN:27,(anonymous_5)
FN:28,(anonymous_6)
FN:30,(anonymous_7)
FN:34,(anonymous_8)
FN:40,(anonymous_9)
FN:43,(anonymous_10)
FN:43,(anonymous_11)
FN:45,(anonymous_12)
FN:48,(anonymous_13)
FN:50,(anonymous_14)
FN:52,(anonymous_15)
FN:54,(anonymous_16)
FN:60,(anonymous_17)
FN:63,(anonymous_18)
FN:68,(anonymous_19)
FN:71,(anonymous_20)
FN:72,(anonymous_21)
FNF:22
FNH:22
FNDA:4,(anonymous_0)
FNDA:18,(anonymous_1)
FNDA:3,(anonymous_2)
FNDA:8,(anonymous_3)
FNDA:18,(anonymous_4)
FNDA:5,(anonymous_5)
FNDA:5,(anonymous_6)
FNDA:8,(anonymous_7)
FNDA:3,(anonymous_8)
FNDA:13,(anonymous_9)
FNDA:13,(anonymous_10)
FNDA:2,(anonymous_11)
FNDA:14,(anonymous_12)
FNDA:14,(anonymous_13)
FNDA:21,(anonymous_14)
FNDA:16,(anonymous_15)
FNDA:15,(anonymous_16)
FNDA:3,(anonymous_17)
FNDA:2,(anonymous_18)
FNDA:3,(anonymous_19)
FNDA:5,(anonymous_20)
FNDA:5,(anonymous_21)
DA:6,4
DA:7,4
DA:11,5
DA:12,18
DA:13,18
DA:15,3
DA:18,8
DA:21,18
DA:22,18
DA:23,2
DA:25,16
DA:28,5
DA:29,5
DA:30,8
DA:31,5
DA:35,3
DA:40,5
DA:41,13
DA:43,13
DA:45,5
DA:46,14
DA:47,14
DA:49,14
DA:51,21
DA:53,16
DA:55,15
DA:61,3
DA:64,2
DA:69,3
DA:71,5
DA:73,5
DA:76,3
LF:32
LH:32
BRDA:11,0,0,1
BRDA:11,1,0,5
BRDA:11,2,0,1
BRDA:22,3,0,2
BRDA:22,3,1,16
BRDA:45,4,0,4
BRF:6
BRH:6
end_of_record
TN:
SF:packages/game/src/repos/index.js
FNF:0
FNH:0
LF:0
LH:0
BRF:0
BRH:0
end_of_record
TN:
SF:packages/game/src/useCases/create-new-game.js
FN:3,(anonymous_0)
FN:3,(anonymous_1)
FNF:2
FNH:2
FNDA:1,(anonymous_0)
FNDA:1,(anonymous_1)
DA:3,4
DA:4,1
DA:6,1
DA:8,1
DA:9,1
DA:12,1
LF:6
LH:6
BRDA:8,0,0,1
BRDA:8,0,1,0
BRF:2
BRH:1
end_of_record
TN:
SF:packages/game/src/useCases/get-games.js
FN:1,(anonymous_0)
FN:1,(anonymous_1)
FNF:2
FNH:2
FNDA:1,(anonymous_0)
FNDA:1,(anonymous_1)
DA:1,4
LF:1
LH:1
BRF:0
BRH:0
end_of_record
TN:
SF:packages/game/src/useCases/join-game.js
FN:4,(anonymous_0)
FN:4,(anonymous_1)
FNF:2
FNH:2
FNDA:3,(anonymous_0)
FNDA:3,(anonymous_1)
DA:4,4
DA:5,3
DA:7,3
DA:9,3
DA:11,3
LF:5
LH:5
BRDA:9,0,0,1
BRDA:9,0,1,2
BRF:2
BRH:2
end_of_record
TN:
SF:packages/game/src/useCases/start-game.js
FN:4,(anonymous_0)
FN:4,(anonymous_1)
FNF:2
FNH:2
FNDA:3,(anonymous_0)
FNDA:3,(anonymous_1)
DA:4,4
DA:5,3
DA:6,3
DA:7,3
DA:8,3
DA:9,1
DA:11,3
LF:7
LH:7
BRDA:8,0,0,1
BRDA:8,0,1,2
BRF:2
BRH:2
end_of_record
TN:
SF:packages/shared/build/index.js
FN:12,_getRequireWildcardCache
FN:12,(anonymous_1)
FN:14,_interopRequireWildcard
FNF:3
FNH:0
FNDA:0,_getRequireWildcardCache
FNDA:0,(anonymous_1)
FNDA:0,_interopRequireWildcard
DA:3,0
DA:6,0
DA:8,0
DA:10,0
DA:12,0
DA:14,0
LF:6
LH:0
BRDA:12,0,0,0
BRDA:12,0,1,0
BRDA:14,1,0,0
BRDA:14,1,1,0
BRDA:14,2,0,0
BRDA:14,2,1,0
BRDA:14,3,0,0
BRDA:14,3,1,0
BRDA:14,4,0,0
BRDA:14,4,1,0
BRDA:14,4,2,0
BRDA:14,5,0,0
BRDA:14,5,1,0
BRDA:14,6,0,0
BRDA:14,6,1,0
BRDA:14,7,0,0
BRDA:14,7,1,0
BRDA:14,8,0,0
BRDA:14,8,1,0
BRDA:14,9,0,0
BRDA:14,9,1,0
BRDA:14,10,0,0
BRDA:14,10,1,0
BRDA:14,11,0,0
BRDA:14,11,1,0
BRDA:14,11,2,0
BRDA:14,12,0,0
BRDA:14,12,1,0
BRF:28
BRH:0
end_of_record
TN:
SF:packages/shared/build/testUtils/index.js
FN:9,(anonymous_0)
FN:13,(anonymous_1)
FNF:2
FNH:0
FNDA:0,(anonymous_0)
FNDA:0,(anonymous_1)
DA:3,0
DA:7,0
DA:9,0
DA:10,0
DA:11,0
DA:14,0
LF:6
LH:0
BRDA:10,0,0,0
BRDA:10,0,1,0
BRDA:10,1,0,0
BRDA:10,1,1,0
BRF:4
BRH:0
end_of_record
TN:
SF:packages/shared/build/testUtils/test-server.js
FN:12,(anonymous_0)
FN:15,(anonymous_1)
FN:17,(anonymous_2)
FNF:3
FNH:0
FNDA:0,(anonymous_0)
FNDA:0,(anonymous_1)
FNDA:0,(anonymous_2)
DA:3,0
DA:6,0
DA:8,0
DA:10,0
DA:12,0
DA:15,0
DA:20,0
DA:32,0
LF:8
LH:0
BRDA:15,0,0,0
BRDA:17,1,0,0
BRDA:18,2,0,0
BRDA:19,3,0,0
BRF:4
BRH:0
end_of_record
TN:
SF:packages/shared/src/index.js
FNF:0
FNH:0
LF:0
LH:0
BRF:0
BRH:0
end_of_record
TN:
SF:packages/shared/src/testUtils/index.js
FNF:0
FNH:0
LF:0
LH:0
BRF:0
BRH:0
end_of_record
TN:
SF:packages/shared/src/testUtils/test-server.js
FN:4,(anonymous_0)
FN:4,(anonymous_1)
FN:6,(anonymous_2)
FNF:3
FNH:3
FNDA:6,(anonymous_0)
FNDA:10,(anonymous_1)
FNDA:1,(anonymous_2)
DA:4,6
DA:10,10
LF:2
LH:2
BRDA:4,0,0,0
BRDA:6,1,0,3
BRDA:7,2,0,0
BRDA:8,3,0,0
BRF:4
BRH:1
end_of_record
TN:
SF:packages/turn/build/domain/behaviors.js
FN:16,(anonymous_0)
FNF:1
FNH:0
FNDA:0,(anonymous_0)
DA:3,0
DA:6,0
DA:8,0
DA:10,0
DA:12,0
DA:14,0
DA:16,0
DA:21,0
DA:22,0
DA:25,0
DA:30,0
DA:31,0
DA:34,0
LF:13
LH:0
BRDA:21,0,0,0
BRDA:21,0,1,0
BRF:2
BRH:0
end_of_record
TN:
SF:packages/turn/build/domain/compute-score.js
FN:12,(anonymous_0)
FN:19,(anonymous_1)
FN:24,(anonymous_2)
FN:24,(anonymous_3)
FN:27,(anonymous_4)
FN:36,(anonymous_5)
FNF:6
FNH:0
FNDA:0,(anonymous_0)
FNDA:0,(anonymous_1)
FNDA:0,(anonymous_2)
FNDA:0,(anonymous_3)
FNDA:0,(anonymous_4)
FNDA:0,(anonymous_5)
DA:3,0
DA:5,0
DA:7,0
DA:10,0
DA:12,0
DA:15,0
DA:19,0
DA:23,0
DA:24,0
DA:26,0
DA:27,0
DA:30,0
DA:36,0
DA:40,0
DA:41,0
DA:47,0
DA:54,0
LF:17
LH:0
BRDA:26,0,0,0
BRDA:26,0,1,0
BRDA:26,1,0,0
BRDA:26,1,1,0
BRDA:32,2,0,0
BRDA:32,2,1,0
BRDA:40,3,0,0
BRDA:40,3,1,0
BRDA:49,4,0,0
BRDA:49,4,1,0
BRF:10
BRH:0
end_of_record
TN:
SF:packages/turn/build/domain/errors.js
FNF:0
FNH:0
DA:3,0
DA:6,0
DA:7,0
DA:10,0
LF:4
LH:0
BRF:0
BRH:0
end_of_record
TN:
SF:packages/turn/build/domain/events.js
FN:15,(anonymous_0)
FN:30,(anonymous_1)
FN:43,(anonymous_2)
FN:56,(anonymous_3)
FNF:4
FNH:0
FNDA:0,(anonymous_0)
FNDA:0,(anonymous_1)
FNDA:0,(anonymous_2)
FNDA:0,(anonymous_3)
DA:3,0
DA:6,0
DA:7,0
DA:20,0
DA:34,0
DA:47,0
DA:60,0
DA:70,0
LF:8
LH:0
BRF:0
BRH:0
end_of_record
TN:
SF:packages/turn/build/domain/reducer.js
FN:43,(anonymous_0)
FN:43,(anonymous_1)
FN:48,(anonymous_2)
FN:58,(anonymous_3)
FN:58,(anonymous_4)
FN:76,(anonymous_5)
FN:90,(anonymous_6)
FN:90,(anonymous_7)
FN:105,(anonymous_8)
FN:116,(anonymous_9)
FN:133,(anonymous_10)
FN:135,(anonymous_11)
FN:147,(anonymous_12)
FN:163,(anonymous_13)
FN:180,(anonymous_14)
FN:196,(anonymous_15)
FN:196,(anonymous_16)
FN:201,(anonymous_17)
FNF:18
FNH:0
FNDA:0,(anonymous_0)
FNDA:0,(anonymous_1)
FNDA:0,(anonymous_2)
FNDA:0,(anonymous_3)
FNDA:0,(anonymous_4)
FNDA:0,(anonymous_5)
FNDA:0,(anonymous_6)
FNDA:0,(anonymous_7)
FNDA:0,(anonymous_8)
FNDA:0,(anonymous_9)
FNDA:0,(anonymous_10)
FNDA:0,(anonymous_11)
FNDA:0,(anonymous_12)
FNDA:0,(anonymous_13)
FNDA:0,(anonymous_14)
FNDA:0,(anonymous_15)
FNDA:0,(anonymous_16)
FNDA:0,(anonymous_17)
DA:3,0
DA:6,0
DA:8,0
DA:10,0
DA:12,0
DA:14,0
DA:17,0
DA:23,0
DA:24,0
DA:25,0
DA:36,0
DA:37,0
DA:41,0
DA:43,0
DA:44,0
DA:46,0
DA:48,0
DA:49,0
DA:51,0
DA:54,0
DA:58,0
DA:59,0
DA:61,0
DA:63,0
DA:64,0
DA:65,0
DA:66,0
DA:73,0
DA:74,0
DA:76,0
DA:77,0
DA:78,0
DA:79,0
DA:82,0
DA:86,0
DA:90,0
DA:91,0
DA:93,0
DA:99,0
DA:101,0
DA:102,0
DA:105,0
DA:107,0
DA:108,0
DA:109,0
DA:115,0
DA:116,0
DA:117,0
DA:118,0
DA:119,0
DA:125,0
DA:129,0
DA:133,0
DA:134,0
DA:135,0
DA:136,0
DA:138,0
DA:144,0
DA:146,0
DA:147,0
DA:148,0
DA:149,0
DA:154,0
DA:158,0
DA:162,0
DA:163,0
DA:165,0
DA:166,0
DA:170,0
DA:177,0
DA:180,0
DA:181,0
DA:183,0
DA:186,0
DA:189,0
DA:192,0
DA:196,0
DA:197,0
DA:199,0
DA:201,0
DA:202,0
DA:207,0
DA:210,0
DA:214,0
DA:218,0
LF:85
LH:0
BRDA:43,0,0,0
BRDA:44,1,0,0
BRDA:44,1,1,0
BRDA:46,2,0,0
BRDA:46,2,1,0
BRDA:58,3,0,0
BRDA:59,4,0,0
BRDA:59,4,1,0
BRDA:61,5,0,0
BRDA:61,5,1,0
BRDA:61,5,2,0
BRDA:76,6,0,0
BRDA:76,6,1,0
BRDA:90,7,0,0
BRDA:91,8,0,0
BRDA:91,8,1,0
BRDA:93,9,0,0
BRDA:93,9,1,0
BRDA:101,10,0,0
BRDA:101,10,1,0
BRDA:107,11,0,0
BRDA:107,11,1,0
BRDA:115,12,0,0
BRDA:115,12,1,0
BRDA:133,13,0,0
BRDA:134,14,0,0
BRDA:134,14,1,0
BRDA:136,15,0,0
BRDA:136,15,1,0
BRDA:138,16,0,0
BRDA:138,16,1,0
BRDA:146,17,0,0
BRDA:146,17,1,0
BRDA:148,18,0,0
BRDA:148,18,1,0
BRDA:148,19,0,0
BRDA:148,19,1,0
BRDA:162,20,0,0
BRDA:162,20,1,0
BRDA:165,21,0,0
BRDA:165,21,1,0
BRDA:180,22,0,0
BRDA:181,23,0,0
BRDA:181,23,1,0
BRDA:181,23,2,0
BRDA:181,23,3,0
BRDA:196,24,0,0
BRDA:197,25,0,0
BRDA:197,25,1,0
BRDA:199,26,0,0
BRDA:199,26,1,0
BRF:51
BRH:0
end_of_record
TN:
SF:packages/turn/build/domain/result.js
FN:8,(anonymous_0)
FN:15,(anonymous_1)
FNF:2
FNH:0
FNDA:0,(anonymous_0)
FNDA:0,(anonymous_1)
DA:3,0
DA:6,0
DA:8,0
DA:13,0
DA:15,0
DA:20,0
LF:6
LH:0
BRDA:8,0,0,0
BRF:1
BRH:0
end_of_record
TN:
SF:packages/turn/build/domain/view-phase-as.js
FN:10,(anonymous_0)
FN:13,(anonymous_1)
FN:18,(anonymous_2)
FN:23,(anonymous_3)
FN:28,(anonymous_4)
FN:29,(anonymous_5)
FN:40,(anonymous_6)
FN:45,(anonymous_7)
FN:46,(anonymous_8)
FN:52,(anonymous_9)
FN:53,(anonymous_10)
FN:54,(anonymous_11)
FN:59,(anonymous_12)
FN:60,(anonymous_13)
FN:62,(anonymous_14)
FN:68,(anonymous_15)
FN:69,(anonymous_16)
FN:78,(anonymous_17)
FN:85,(anonymous_18)
FNF:19
FNH:0
FNDA:0,(anonymous_0)
FNDA:0,(anonymous_1)
FNDA:0,(anonymous_2)
FNDA:0,(anonymous_3)
FNDA:0,(anonymous_4)
FNDA:0,(anonymous_5)
FNDA:0,(anonymous_6)
FNDA:0,(anonymous_7)
FNDA:0,(anonymous_8)
FNDA:0,(anonymous_9)
FNDA:0,(anonymous_10)
FNDA:0,(anonymous_11)
FNDA:0,(anonymous_12)
FNDA:0,(anonymous_13)
FNDA:0,(anonymous_14)
FNDA:0,(anonymous_15)
FNDA:0,(anonymous_16)
FNDA:0,(anonymous_17)
FNDA:0,(anonymous_18)
DA:3,0
DA:6,0
DA:8,0
DA:10,0
DA:11,0
DA:12,0
DA:14,0
DA:15,0
DA:19,0
DA:20,0
DA:24,0
DA:25,0
DA:29,0
DA:32,0
DA:36,0
DA:37,0
DA:41,0
DA:42,0
DA:46,0
DA:49,0
DA:53,0
DA:54,0
DA:56,0
DA:60,0
DA:61,0
DA:62,0
DA:65,0
DA:69,0
DA:70,0
DA:75,0
DA:79,0
DA:85,0
DA:86,0
DA:88,0
DA:91,0
DA:94,0
DA:97,0
DA:100,0
DA:104,0
LF:39
LH:0
BRDA:10,0,0,0
BRDA:54,1,0,0
BRDA:54,1,1,0
BRDA:62,2,0,0
BRDA:62,2,1,0
BRDA:85,3,0,0
BRDA:86,4,0,0
BRDA:86,4,1,0
BRDA:86,4,2,0
BRDA:86,4,3,0
BRDA:86,4,4,0
BRF:11
BRH:0
end_of_record
TN:
SF:packages/turn/build/infra/graphql/get-context.js
FN:8,(anonymous_0)
FN:11,(anonymous_1)
FNF:2
FNH:0
FNDA:0,(anonymous_0)
FNDA:0,(anonymous_1)
DA:3,0
DA:6,0
DA:8,0
DA:11,0
DA:16,0
LF:5
LH:0
BRDA:8,0,0,0
BRF:1
BRH:0
end_of_record
TN:
SF:packages/turn/build/infra/graphql/get-data-sources.js
FN:10,(anonymous_0)
FN:12,(anonymous_1)
FNF:2
FNH:0
FNDA:0,(anonymous_0)
FNDA:0,(anonymous_1)
DA:3,0
DA:6,0
DA:8,0
DA:10,0
DA:12,0
DA:16,0
LF:6
LH:0
BRDA:10,0,0,0
BRDA:11,1,0,0
BRF:2
BRH:0
end_of_record
TN:
SF:packages/turn/build/infra/graphql/handle-use-case-result.js
FN:8,(anonymous_0)
FNF:1
FNH:0
FNDA:0,(anonymous_0)
DA:3,0
DA:6,0
DA:8,0
DA:12,0
DA:13,0
DA:18,0
DA:19,0
DA:22,0
LF:8
LH:0
BRDA:12,0,0,0
BRDA:12,0,1,0
BRF:2
BRH:0
end_of_record
TN:
SF:packages/turn/build/infra/graphql/schema/card.js
FN:13,(anonymous_0)
FNF:1
FNH:0
FNDA:0,(anonymous_0)
DA:3,0
DA:6,0
DA:8,0
DA:10,0
DA:14,0
DA:15,0
DA:19,0
LF:7
LH:0
BRF:0
BRH:0
end_of_record
TN:
SF:packages/turn/build/infra/graphql/schema/index.js
FN:9,(anonymous_0)
FN:13,(anonymous_1)
FN:21,(anonymous_2)
FN:25,(anonymous_3)
FN:33,(anonymous_4)
FN:37,(anonymous_5)
FN:45,(anonymous_6)
FN:49,(anonymous_7)
FNF:8
FNH:0
FNDA:0,(anonymous_0)
FNDA:0,(anonymous_1)
FNDA:0,(anonymous_2)
FNDA:0,(anonymous_3)
FNDA:0,(anonymous_4)
FNDA:0,(anonymous_5)
FNDA:0,(anonymous_6)
FNDA:0,(anonymous_7)
DA:3,0
DA:7,0
DA:9,0
DA:10,0
DA:11,0
DA:14,0
DA:19,0
DA:21,0
DA:22,0
DA:23,0
DA:26,0
DA:31,0
DA:33,0
DA:34,0
DA:35,0
DA:38,0
DA:43,0
DA:45,0
DA:46,0
DA:47,0
DA:50,0
LF:21
LH:0
BRDA:10,0,0,0
BRDA:10,0,1,0
BRDA:10,1,0,0
BRDA:10,1,1,0
BRDA:22,2,0,0
BRDA:22,2,1,0
BRDA:22,3,0,0
BRDA:22,3,1,0
BRDA:34,4,0,0
BRDA:34,4,1,0
BRDA:34,5,0,0
BRDA:34,5,1,0
BRDA:46,6,0,0
BRDA:46,6,1,0
BRDA:46,7,0,0
BRDA:46,7,1,0
BRF:16
BRH:0
end_of_record
TN:
SF:packages/turn/build/infra/graphql/schema/phase.js
FN:14,(anonymous_0)
FN:16,(anonymous_1)
FN:25,(anonymous_2)
FN:39,(anonymous_3)
FN:52,(anonymous_4)
FN:64,(anonymous_5)
FNF:6
FNH:0
FNDA:0,(anonymous_0)
FNDA:0,(anonymous_1)
FNDA:0,(anonymous_2)
FNDA:0,(anonymous_3)
FNDA:0,(anonymous_4)
FNDA:0,(anonymous_5)
DA:3,0
DA:6,0
DA:8,0
DA:10,0
DA:12,0
DA:14,0
DA:19,0
DA:25,0
DA:30,0
DA:31,0
DA:35,0
DA:36,0
DA:40,0
DA:43,0
DA:44,0
DA:48,0
DA:49,0
DA:53,0
DA:54,0
DA:55,0
DA:56,0
DA:60,0
DA:61,0
DA:65,0
DA:68,0
DA:69,0
DA:72,0
DA:75,0
DA:81,0
LF:29
LH:0
BRDA:16,0,0,0
BRDA:16,0,1,0
BRDA:26,1,0,0
BRDA:26,1,1,0
BRF:4
BRH:0
end_of_record
TN:
SF:packages/turn/build/infra/graphql/schema/query.js
FN:22,(anonymous_0)
FNF:1
FNH:0
FNDA:0,(anonymous_0)
DA:3,0
DA:6,0
DA:8,0
DA:10,0
DA:12,0
DA:14,0
DA:28,0
DA:31,0
DA:35,0
DA:39,0
LF:10
LH:0
BRF:0
BRH:0
end_of_record
TN:
SF:packages/turn/build/infra/graphql/schema/mutations/define-clue.js
FN:23,(anonymous_0)
FN:40,(anonymous_1)
FN:44,(anonymous_2)
FN:63,(anonymous_3)
FN:74,(anonymous_4)
FN:76,(anonymous_5)
FN:87,(anonymous_6)
FNF:7
FNH:0
FNDA:0,(anonymous_0)
FNDA:0,(anonymous_1)
FNDA:0,(anonymous_2)
FNDA:0,(anonymous_3)
FNDA:0,(anonymous_4)
FNDA:0,(anonymous_5)
FNDA:0,(anonymous_6)
DA:3,0
DA:6,0
DA:8,0
DA:10,0
DA:12,0
DA:14,0
DA:16,0
DA:18,0
DA:20,0
DA:24,0
DA:27,0
DA:30,0
DA:36,0
DA:37,0
DA:41,0
DA:47,0
DA:54,0
DA:55,0
DA:59,0
DA:60,0
DA:64,0
DA:70,0
DA:71,0
DA:75,0
DA:76,0
DA:80,0
DA:81,0
DA:94,0
DA:101,0
DA:102,0
DA:108,0
DA:115,0
LF:32
LH:0
BRDA:76,0,0,0
BRDA:76,0,1,0
BRF:2
BRH:0
end_of_record
TN:
SF:packages/turn/build/infra/graphql/schema/mutations/index.js
FN:9,(anonymous_0)
FN:13,(anonymous_1)
FNF:2
FNH:0
FNDA:0,(anonymous_0)
FNDA:0,(anonymous_1)
DA:3,0
DA:7,0
DA:9,0
DA:10,0
DA:11,0
DA:14,0
LF:6
LH:0
BRDA:10,0,0,0
BRDA:10,0,1,0
BRDA:10,1,0,0
BRDA:10,1,1,0
BRF:4
BRH:0
end_of_record
TN:
SF:packages/turn/build/repos/turn-repository.js
FN:13,(anonymous_0)
FN:22,(anonymous_1)
FN:27,(anonymous_2)
FN:31,(anonymous_3)
FN:33,(anonymous_4)
FN:41,(anonymous_5)
FN:42,(anonymous_6)
FN:48,(anonymous_7)
FN:62,(anonymous_8)
FN:74,(anonymous_9)
FN:74,(anonymous_10)
FN:76,(anonymous_11)
FN:79,(anonymous_12)
FN:83,(anonymous_13)
FN:85,(anonymous_14)
FN:87,(anonymous_15)
FN:89,(anonymous_16)
FN:93,(anonymous_17)
FN:94,(anonymous_18)
FN:96,(anonymous_19)
FN:109,(anonymous_20)
FNF:21
FNH:0
FNDA:0,(anonymous_0)
FNDA:0,(anonymous_1)
FNDA:0,(anonymous_2)
FNDA:0,(anonymous_3)
FNDA:0,(anonymous_4)
FNDA:0,(anonymous_5)
FNDA:0,(anonymous_6)
FNDA:0,(anonymous_7)
FNDA:0,(anonymous_8)
FNDA:0,(anonymous_9)
FNDA:0,(anonymous_10)
FNDA:0,(anonymous_11)
FNDA:0,(anonymous_12)
FNDA:0,(anonymous_13)
FNDA:0,(anonymous_14)
FNDA:0,(anonymous_15)
FNDA:0,(anonymous_16)
FNDA:0,(anonymous_17)
FNDA:0,(anonymous_18)
FNDA:0,(anonymous_19)
FNDA:0,(anonymous_20)
DA:3,0
DA:6,0
DA:8,0
DA:10,0
DA:14,0
DA:15,0
DA:20,0
DA:22,0
DA:26,0
DA:28,0
DA:32,0
DA:33,0
DA:34,0
DA:42,0
DA:43,0
DA:44,0
DA:47,0
DA:48,0
DA:49,0
DA:50,0
DA:52,0
DA:54,0
DA:60,0
DA:62,0
DA:65,0
DA:72,0
DA:74,0
DA:76,0
DA:79,0
DA:82,0
DA:84,0
DA:86,0
DA:88,0
DA:90,0
DA:94,0
DA:95,0
DA:97,0
DA:112,0
DA:113,0
LF:39
LH:0
BRDA:23,0,0,0
BRDA:31,1,0,0
BRDA:43,2,0,0
BRDA:43,2,1,0
BRDA:62,3,0,0
BRDA:64,4,0,0
BRDA:76,5,0,0
BRDA:77,6,0,0
BRDA:112,7,0,0
BRDA:112,7,1,0
BRF:10
BRH:0
end_of_record
TN:
SF:packages/turn/build/useCases/define-clue.js
FN:10,(anonymous_0)
FN:12,(anonymous_1)
FNF:2
FNH:0
FNDA:0,(anonymous_0)
FNDA:0,(anonymous_1)
DA:3,0
DA:6,0
DA:8,0
DA:10,0
DA:12,0
DA:18,0
DA:19,0
DA:25,0
DA:26,0
DA:29,0
DA:32,0
LF:11
LH:0
BRDA:25,0,0,0
BRDA:25,0,1,0
BRF:2
BRH:0
end_of_record
TN:
SF:packages/turn/build/useCases/get-turn-phase.js
FN:10,(anonymous_0)
FN:12,(anonymous_1)
FNF:2
FNH:0
FNDA:0,(anonymous_0)
FNDA:0,(anonymous_1)
DA:3,0
DA:6,0
DA:8,0
DA:10,0
DA:12,0
DA:16,0
DA:17,0
DA:20,0
LF:8
LH:0
BRF:0
BRH:0
end_of_record
TN:
SF:packages/turn/build/useCases/start-new-turn.js
FN:10,(anonymous_0)
FN:12,(anonymous_1)
FNF:2
FNH:0
FNDA:0,(anonymous_0)
FNDA:0,(anonymous_1)
DA:3,0
DA:6,0
DA:8,0
DA:10,0
DA:12,0
DA:16,0
DA:17,0
DA:24,0
LF:8
LH:0
BRF:0
BRH:0
end_of_record
TN:
SF:packages/turn/src/domain/behaviors.js
FN:6,(anonymous_0)
FNF:1
FNH:1
FNDA:3,(anonymous_0)
DA:6,3
DA:7,3
DA:8,1
DA:10,2
DA:11,2
DA:12,2
LF:6
LH:6
BRDA:7,0,0,1
BRDA:7,0,1,2
BRF:2
BRH:2
end_of_record
TN:
SF:packages/turn/src/domain/compute-score.js
FN:1,(anonymous_0)
FN:6,(anonymous_1)
FN:8,(anonymous_2)
FN:8,(anonymous_3)
FN:11,(anonymous_4)
FN:18,(anonymous_5)
FNF:6
FNH:6
FNDA:12,(anonymous_0)
FNDA:4,(anonymous_1)
FNDA:12,(anonymous_2)
FNDA:4,(anonymous_3)
FNDA:6,(anonymous_4)
FNDA:6,(anonymous_5)
DA:1,12
DA:6,8
DA:7,4
DA:8,12
DA:9,4
DA:10,2
DA:11,6
DA:17,2
DA:19,6
DA:20,2
DA:25,4
LF:11
LH:11
BRDA:9,0,0,2
BRDA:9,0,1,2
BRDA:9,1,0,4
BRDA:9,1,1,3
BRDA:13,2,0,2
BRDA:13,2,1,4
BRDA:19,3,0,2
BRDA:19,3,1,4
BRDA:27,4,0,2
BRDA:27,4,1,2
BRF:10
BRH:10
end_of_record
TN:
SF:packages/turn/src/domain/errors.js
FNF:0
FNH:0
DA:1,3
LF:1
LH:1
BRF:0
BRH:0
end_of_record
TN:
SF:packages/turn/src/domain/events.js
FN:8,(anonymous_0)
FN:18,(anonymous_1)
FN:27,(anonymous_2)
FN:36,(anonymous_3)
FNF:4
FNH:4
FNDA:30,(anonymous_0)
FNDA:18,(anonymous_1)
FNDA:20,(anonymous_2)
FNDA:8,(anonymous_3)
DA:1,7
DA:9,30
DA:19,18
DA:28,20
DA:37,8
LF:5
LH:5
BRF:0
BRH:0
end_of_record
TN:
SF:packages/turn/src/domain/reducer.js
FN:31,(anonymous_0)
FN:32,(anonymous_1)
FN:36,(anonymous_2)
FN:45,(anonymous_3)
FN:46,(anonymous_4)
FN:57,(anonymous_5)
FN:69,(anonymous_6)
FN:70,(anonymous_7)
FN:78,(anonymous_8)
FN:89,(anonymous_9)
FN:106,(anonymous_10)
FN:108,(anonymous_11)
FN:114,(anonymous_12)
FN:127,(anonymous_13)
FN:143,(anonymous_14)
FN:156,(anonymous_15)
FN:157,(anonymous_16)
FN:161,(anonymous_17)
FNF:18
FNH:18
FNDA:32,(anonymous_0)
FNDA:32,(anonymous_1)
FNDA:96,(anonymous_2)
FNDA:65,(anonymous_3)
FNDA:65,(anonymous_4)
FNDA:23,(anonymous_5)
FNDA:20,(anonymous_6)
FNDA:20,(anonymous_7)
FNDA:24,(anonymous_8)
FNDA:8,(anonymous_9)
FNDA:8,(anonymous_10)
FNDA:8,(anonymous_11)
FNDA:21,(anonymous_12)
FNDA:24,(anonymous_13)
FNDA:93,(anonymous_14)
FNDA:93,(anonymous_15)
FNDA:93,(anonymous_16)
FNDA:96,(anonymous_17)
DA:7,7
DA:13,7
DA:14,7
DA:25,7
DA:26,7
DA:31,7
DA:32,32
DA:33,32
DA:34,32
DA:36,32
DA:37,96
DA:39,32
DA:41,0
DA:45,7
DA:46,65
DA:47,65
DA:48,64
DA:50,32
DA:51,32
DA:52,32
DA:53,32
DA:55,18
DA:56,18
DA:57,23
DA:58,17
DA:59,17
DA:60,17
DA:62,18
DA:65,14
DA:69,7
DA:70,20
DA:71,20
DA:72,20
DA:74,20
DA:75,20
DA:76,1
DA:78,24
DA:79,19
DA:80,18
DA:81,18
DA:87,19
DA:88,8
DA:89,8
DA:91,8
DA:92,8
DA:93,8
DA:99,19
DA:102,0
DA:106,7
DA:107,8
DA:108,8
DA:109,8
DA:110,8
DA:112,8
DA:113,8
DA:114,7
DA:115,21
DA:116,6
DA:120,8
DA:123,0
DA:126,8
DA:127,24
DA:128,8
DA:129,2
DA:133,2
DA:140,6
DA:143,7
DA:144,93
DA:146,65
DA:148,20
DA:150,8
DA:152,0
DA:156,7
DA:157,93
DA:158,93
DA:159,92
DA:161,32
DA:162,96
DA:167,32
DA:169,60
DA:173,7
LF:81
LH:77
BRDA:31,0,0,0
BRDA:33,1,0,0
BRDA:33,1,1,32
BRDA:34,2,0,32
BRDA:34,2,1,0
BRDA:45,3,0,0
BRDA:47,4,0,1
BRDA:47,4,1,64
BRDA:48,5,0,32
BRDA:48,5,1,18
BRDA:48,5,2,14
BRDA:57,6,0,17
BRDA:57,6,1,1
BRDA:69,7,0,0
BRDA:71,8,0,0
BRDA:71,8,1,20
BRDA:72,9,0,20
BRDA:72,9,1,0
BRDA:75,10,0,1
BRDA:75,10,1,19
BRDA:79,11,0,18
BRDA:79,11,1,1
BRDA:87,12,0,8
BRDA:87,12,1,11
BRDA:106,13,0,0
BRDA:107,14,0,0
BRDA:107,14,1,8
BRDA:109,15,0,0
BRDA:109,15,1,8
BRDA:110,16,0,8
BRDA:110,16,1,0
BRDA:113,17,0,7
BRDA:113,17,1,1
BRDA:115,18,0,6
BRDA:115,18,1,15
BRDA:115,19,0,21
BRDA:115,19,1,7
BRDA:126,20,0,8
BRDA:126,20,1,0
BRDA:128,21,0,2
BRDA:128,21,1,6
BRDA:143,22,0,47
BRDA:144,23,0,65
BRDA:144,23,1,20
BRDA:144,23,2,8
BRDA:144,23,3,0
BRDA:156,24,0,47
BRDA:158,25,0,1
BRDA:158,25,1,92
BRDA:159,26,0,32
BRDA:159,26,1,60
BRF:51
BRH:38
end_of_record
TN:
SF:packages/turn/src/domain/result.js
FN:1,(anonymous_0)
FN:6,(anonymous_1)
FNF:2
FNH:2
FNDA:2,(anonymous_0)
FNDA:1,(anonymous_1)
DA:1,3
DA:6,3
LF:2
LH:2
BRDA:1,0,0,0
BRF:1
BRH:0
end_of_record
TN:
SF:packages/turn/src/domain/view-phase-as.js
FN:3,(anonymous_0)
FN:6,(anonymous_1)
FN:10,(anonymous_2)
FN:14,(anonymous_3)
FN:18,(anonymous_4)
FN:19,(anonymous_5)
FN:23,(anonymous_6)
FN:27,(anonymous_7)
FN:28,(anonymous_8)
FN:34,(anonymous_9)
FN:35,(anonymous_10)
FN:38,(anonymous_11)
FN:42,(anonymous_12)
FN:43,(anonymous_13)
FN:47,(anonymous_14)
FN:52,(anonymous_15)
FN:53,(anonymous_16)
FN:62,(anonymous_17)
FN:68,(anonymous_18)
FNF:19
FNH:19
FNDA:11,(anonymous_0)
FNDA:11,(anonymous_1)
FNDA:7,(anonymous_2)
FNDA:11,(anonymous_3)
FNDA:2,(anonymous_4)
FNDA:6,(anonymous_5)
FNDA:1,(anonymous_6)
FNDA:4,(anonymous_7)
FNDA:12,(anonymous_8)
FNDA:4,(anonymous_9)
FNDA:12,(anonymous_10)
FNDA:2,(anonymous_11)
FNDA:2,(anonymous_12)
FNDA:6,(anonymous_13)
FNDA:11,(anonymous_14)
FNDA:1,(anonymous_15)
FNDA:3,(anonymous_16)
FNDA:11,(anonymous_17)
FNDA:11,(anonymous_18)
DA:3,3
DA:4,11
DA:5,11
DA:7,11
DA:8,11
DA:11,7
DA:12,7
DA:15,11
DA:16,11
DA:19,6
DA:20,2
DA:21,2
DA:24,1
DA:25,1
DA:28,12
DA:32,4
DA:35,12
DA:38,2
DA:40,4
DA:43,2
DA:44,6
DA:47,11
DA:50,2
DA:53,1
DA:54,3
DA:60,1
DA:63,11
DA:68,3
DA:69,11
DA:71,4
DA:77,4
DA:84,2
DA:92,1
DA:100,0
LF:34
LH:33
BRDA:3,0,0,0
BRDA:38,1,0,12
BRDA:38,1,1,8
BRDA:47,2,0,6
BRDA:47,2,1,4
BRDA:68,3,0,0
BRDA:69,4,0,4
BRDA:69,4,1,4
BRDA:69,4,2,2
BRDA:69,4,3,1
BRDA:69,4,4,0
BRF:11
BRH:8
end_of_record
TN:
SF:packages/turn/src/infra/graphql/get-context.js
FN:1,(anonymous_0)
FN:1,(anonymous_1)
FNF:2
FNH:2
FNDA:2,(anonymous_0)
FNDA:2,(anonymous_1)
DA:1,2
LF:1
LH:1
BRDA:1,0,0,0
BRF:1
BRH:0
end_of_record
TN:
SF:packages/turn/src/infra/graphql/get-data-sources.js
FN:3,(anonymous_0)
FN:3,(anonymous_1)
FNF:2
FNH:2
FNDA:2,(anonymous_0)
FNDA:2,(anonymous_1)
DA:3,2
LF:1
LH:1
BRDA:3,0,0,0
BRDA:3,1,0,0
BRF:2
BRH:0
end_of_record
TN:
SF:packages/turn/src/infra/graphql/handle-use-case-result.js
FN:1,(anonymous_0)
FNF:1
FNH:1
FNDA:1,(anonymous_0)
DA:1,2
DA:2,1
DA:3,0
DA:7,1
DA:8,1
LF:5
LH:4
BRDA:2,0,0,0
BRDA:2,0,1,1
BRF:2
BRH:1
end_of_record
TN:
SF:packages/turn/src/infra/graphql/schema/card.js
FN:5,(anonymous_0)
FNF:1
FNH:1
FNDA:4,(anonymous_0)
DA:3,2
DA:6,4
DA:7,4
LF:3
LH:3
BRF:0
BRH:0
end_of_record
TN:
SF:packages/turn/src/infra/graphql/schema/index.js
FNF:0
FNH:0
LF:0
LH:0
BRF:0
BRH:0
end_of_record
TN:
SF:packages/turn/src/infra/graphql/schema/phase.js
FN:5,(anonymous_0)
FN:7,(anonymous_1)
FN:10,(anonymous_2)
FN:23,(anonymous_3)
FN:34,(anonymous_4)
FN:44,(anonymous_5)
FNF:6
FNH:5
FNDA:4,(anonymous_0)
FNDA:0,(anonymous_1)
FNDA:12,(anonymous_2)
FNDA:4,(anonymous_3)
FNDA:4,(anonymous_4)
FNDA:4,(anonymous_5)
DA:5,4
DA:7,0
DA:10,12
DA:16,2
DA:21,2
DA:24,4
DA:27,4
DA:28,4
DA:32,2
DA:35,4
DA:36,4
DA:37,4
DA:38,4
DA:42,2
DA:45,4
DA:48,4
DA:49,4
DA:50,4
DA:51,4
LF:19
LH:18
BRDA:7,0,0,4
BRDA:7,0,1,4
BRDA:8,1,0,4
BRDA:8,1,1,2
BRDA:12,2,0,12
BRDA:12,2,1,12
BRF:6
BRH:6
end_of_record
TN:
SF:packages/turn/src/infra/graphql/schema/query.js
FN:10,(anonymous_0)
FNF:1
FNH:1
FNDA:1,(anonymous_0)
DA:5,2
DA:11,1
DA:12,1
DA:13,1
LF:4
LH:4
BRF:0
BRH:0
end_of_record
TN:
SF:packages/turn/src/infra/graphql/schema/mutations/define-clue.js
FN:10,(anonymous_0)
FN:19,(anonymous_1)
FN:22,(anonymous_2)
FN:36,(anonymous_3)
FN:45,(anonymous_4)
FN:47,(anonymous_5)
FN:58,(anonymous_6)
FNF:7
FNH:7
FNDA:4,(anonymous_0)
FNDA:4,(anonymous_1)
FNDA:1,(anonymous_2)
FNDA:4,(anonymous_3)
FNDA:2,(anonymous_4)
FNDA:1,(anonymous_5)
FNDA:1,(anonymous_6)
DA:8,2
DA:11,4
DA:12,4
DA:13,4
DA:17,2
DA:20,4
DA:23,1
DA:29,2
DA:34,2
DA:37,4
DA:43,2
DA:46,2
DA:47,2
DA:48,1
DA:53,2
DA:59,1
DA:60,1
DA:61,1
DA:62,1
LF:19
LH:19
BRDA:48,0,0,1
BRDA:48,0,1,0
BRF:2
BRH:1
end_of_record
TN:
SF:packages/turn/src/infra/graphql/schema/mutations/index.js
FNF:0
FNH:0
LF:0
LH:0
BRF:0
BRH:0
end_of_record
TN:
SF:packages/turn/src/repos/turn-repository.js
FN:5,(anonymous_0)
FN:11,(anonymous_1)
FN:13,(anonymous_2)
FN:16,(anonymous_3)
FN:22,(anonymous_4)
FN:30,(anonymous_5)
FN:36,(anonymous_6)
FN:41,(anonymous_7)
FN:52,(anonymous_8)
FN:55,(anonymous_9)
FN:55,(anonymous_10)
FN:57,(anonymous_11)
FN:59,(anonymous_12)
FN:66,(anonymous_13)
FN:68,(anonymous_14)
FN:70,(anonymous_15)
FN:72,(anonymous_16)
FN:75,(anonymous_17)
FN:76,(anonymous_18)
FN:78,(anonymous_19)
FN:88,(anonymous_20)
FNF:21
FNH:21
FNDA:2,(anonymous_0)
FNDA:9,(anonymous_1)
FNDA:3,(anonymous_2)
FNDA:4,(anonymous_3)
FNDA:4,(anonymous_4)
FNDA:9,(anonymous_5)
FNDA:9,(anonymous_6)
FNDA:9,(anonymous_7)
FNDA:6,(anonymous_8)
FNDA:6,(anonymous_9)
FNDA:2,(anonymous_10)
FNDA:6,(anonymous_11)
FNDA:3,(anonymous_12)
FNDA:10,(anonymous_13)
FNDA:10,(anonymous_14)
FNDA:10,(anonymous_15)
FNDA:7,(anonymous_16)
FNDA:7,(anonymous_17)
FNDA:8,(anonymous_18)
FNDA:8,(anonymous_19)
FNDA:3,(anonymous_20)
DA:6,2
DA:7,2
DA:11,4
DA:12,9
DA:14,3
DA:17,4
DA:21,4
DA:23,4
DA:31,9
DA:37,9
DA:38,1
DA:40,8
DA:41,8
DA:42,9
DA:43,9
DA:45,8
DA:47,8
DA:52,4
DA:53,6
DA:55,6
DA:57,4
DA:58,6
DA:59,3
DA:65,6
DA:67,10
DA:69,10
DA:71,10
DA:73,7
DA:76,7
DA:77,8
DA:79,8
DA:89,3
DA:90,3
LF:33
LH:33
BRDA:11,0,0,3
BRDA:16,1,0,0
BRDA:37,2,0,1
BRDA:37,2,1,8
BRDA:52,3,0,1
BRDA:52,4,0,3
BRDA:57,5,0,0
BRDA:57,6,0,0
BRDA:89,7,0,3
BRDA:89,7,1,2
BRF:10
BRH:7
end_of_record
TN:
SF:packages/turn/src/useCases/define-clue.js
FN:3,(anonymous_0)
FN:3,(anonymous_1)
FNF:2
FNH:2
FNDA:1,(anonymous_0)
FNDA:1,(anonymous_1)
DA:3,2
DA:4,1
DA:5,1
DA:6,1
DA:7,1
DA:9,1
LF:6
LH:6
BRDA:6,0,0,1
BRDA:6,0,1,0
BRF:2
BRH:1
end_of_record
TN:
SF:packages/turn/src/useCases/get-turn-phase.js
FN:3,(anonymous_0)
FN:3,(anonymous_1)
FNF:2
FNH:2
FNDA:1,(anonymous_0)
FNDA:1,(anonymous_1)
DA:3,2
DA:4,1
DA:5,1
LF:3
LH:3
BRF:0
BRH:0
end_of_record
TN:
SF:packages/turn/src/useCases/start-new-turn.js
FN:3,(anonymous_0)
FN:3,(anonymous_1)
FNF:2
FNH:2
FNDA:1,(anonymous_0)
FNDA:1,(anonymous_1)
DA:3,1
DA:4,1
DA:5,1
LF:3
LH:3
BRF:0
BRH:0
end_of_record
TN:
SF:packages/users/build/graphql-express-authorization-service.js
FN:10,(anonymous_0)
FN:14,(anonymous_1)
FN:20,(anonymous_2)
FN:28,(anonymous_3)
FN:28,(anonymous_4)
FN:30,(anonymous_5)
FN:36,(anonymous_6)
FN:49,(anonymous_7)
FN:58,(anonymous_8)
FN:67,(anonymous_9)
FNF:10
FNH:0
FNDA:0,(anonymous_0)
FNDA:0,(anonymous_1)
FNDA:0,(anonymous_2)
FNDA:0,(anonymous_3)
FNDA:0,(anonymous_4)
FNDA:0,(anonymous_5)
FNDA:0,(anonymous_6)
FNDA:0,(anonymous_7)
FNDA:0,(anonymous_8)
FNDA:0,(anonymous_9)
DA:3,0
DA:6,0
DA:8,0
DA:10,0
DA:13,0
DA:15,0
DA:21,0
DA:28,0
DA:30,0
DA:35,0
DA:37,0
DA:38,0
DA:41,0
DA:42,0
DA:43,0
DA:50,0
DA:56,0
DA:58,0
DA:62,0
DA:67,0
DA:72,0
LF:21
LH:0
BRDA:10,0,0,0
BRDA:30,1,0,0
BRDA:31,2,0,0
BRDA:32,3,0,0
BRF:4
BRH:0
end_of_record
TN:
SF:packages/users/build/index.js
FN:9,(anonymous_0)
FN:13,(anonymous_1)
FNF:2
FNH:0
FNDA:0,(anonymous_0)
FNDA:0,(anonymous_1)
DA:3,0
DA:7,0
DA:9,0
DA:10,0
DA:11,0
DA:14,0
LF:6
LH:0
BRDA:10,0,0,0
BRDA:10,0,1,0
BRDA:10,1,0,0
BRDA:10,1,1,0
BRF:4
BRH:0
end_of_record
TN:
SF:packages/users/build/request.js
FN:8,(anonymous_0)
FN:11,(anonymous_1)
FN:19,(anonymous_2)
FNF:3
FNH:0
FNDA:0,(anonymous_0)
FNDA:0,(anonymous_1)
FNDA:0,(anonymous_2)
DA:3,0
DA:6,0
DA:8,0
DA:10,0
DA:12,0
DA:17,0
DA:19,0
DA:21,0
DA:27,0
LF:9
LH:0
BRDA:8,0,0,0
BRDA:19,1,0,0
BRF:2
BRH:0
end_of_record
TN:
SF:packages/users/src/graphql-express-authorization-service.js
FN:3,(anonymous_0)
FN:4,(anonymous_1)
FN:7,(anonymous_2)
FN:14,(anonymous_3)
FN:14,(anonymous_4)
FN:16,(anonymous_5)
FN:22,(anonymous_6)
FN:33,(anonymous_7)
FN:39,(anonymous_8)
FN:42,(anonymous_9)
FNF:10
FNH:8
FNDA:11,(anonymous_0)
FNDA:11,(anonymous_1)
FNDA:11,(anonymous_2)
FNDA:0,(anonymous_3)
FNDA:0,(anonymous_4)
FNDA:11,(anonymous_5)
FNDA:11,(anonymous_6)
FNDA:1,(anonymous_7)
FNDA:11,(anonymous_8)
FNDA:11,(anonymous_9)
DA:3,11
DA:5,11
DA:8,11
DA:14,7
DA:16,7
DA:21,11
DA:23,11
DA:24,11
DA:25,11
DA:26,11
DA:28,11
DA:34,1
DA:39,7
DA:40,11
DA:42,11
LF:15
LH:15
BRDA:3,0,0,0
BRDA:16,1,0,0
BRDA:17,2,0,0
BRDA:18,3,0,0
BRF:4
BRH:0
end_of_record
TN:
SF:packages/users/src/index.js
FNF:0
FNH:0
LF:0
LH:0
BRF:0
BRH:0
end_of_record
TN:
SF:packages/users/src/request.js
FN:1,(anonymous_0)
FN:2,(anonymous_1)
FN:7,(anonymous_2)
FNF:3
FNH:3
FNDA:13,(anonymous_0)
FNDA:13,(anonymous_1)
FNDA:12,(anonymous_2)
DA:1,13
DA:3,13
DA:7,12
LF:3
LH:3
BRDA:1,0,0,0
BRDA:7,1,0,0
BRF:2
BRH:0
end_of_record
TN:
SF:scripts/create-graphql-package.js
FNF:0
FNH:0
DA:1,0
DA:3,0
DA:5,0
DA:8,0
DA:11,0
DA:14,0
LF:6
LH:0
BRF:0
BRH:0
end_of_record
